2025-01-09T15:27:55.684+0100 INFO               [main]                         be.pxl.services.ReviewControllerTests - Starting ReviewControllerTests using Java 22.0.1 with PID 10476 (started by furkan in /Users/furkan/Desktop/jaar3/project-MehmetKarakocPXL/backend-java/review-service)
2025-01-09T15:27:55.694+0100 DEBUG              [main]                         be.pxl.services.ReviewControllerTests - Running with Spring Boot v3.3.5, Spring v6.1.14
2025-01-09T15:27:55.695+0100 INFO               [main]                         be.pxl.services.ReviewControllerTests - No active profile set, falling back to 1 default profile: "default"
2025-01-09T15:28:04.863+0100 INFO               [main]                         be.pxl.services.ReviewControllerTests - Started ReviewControllerTests in 10.87 seconds (process running for 37.094)
2025-01-09T15:28:06.763+0100 INFO               [main]                         be.pxl.services.controller.ReviewController - Review added for post ID: 1
2025-01-09T15:30:20.593+0100 INFO               [main]                         be.pxl.services.ReviewServiceApplicationTests - Starting ReviewServiceApplicationTests using Java 22.0.1 with PID 10660 (started by furkan in /Users/furkan/Desktop/jaar3/project-MehmetKarakocPXL/backend-java/review-service)
2025-01-09T15:30:20.594+0100 DEBUG              [main]                         be.pxl.services.ReviewServiceApplicationTests - Running with Spring Boot v3.3.5, Spring v6.1.14
2025-01-09T15:30:20.595+0100 INFO               [main]                         be.pxl.services.ReviewServiceApplicationTests - No active profile set, falling back to 1 default profile: "default"
2025-01-09T15:30:25.689+0100 INFO               [main]                         be.pxl.services.ReviewServiceApplicationTests - Started ReviewServiceApplicationTests in 5.981 seconds (process running for 7.604)
2025-01-09T15:30:59.718+0100 INFO               [main]                         be.pxl.services.ReviewControllerTests - Starting ReviewControllerTests using Java 22.0.1 with PID 10698 (started by furkan in /Users/furkan/Desktop/jaar3/project-MehmetKarakocPXL/backend-java/review-service)
2025-01-09T15:30:59.721+0100 DEBUG              [main]                         be.pxl.services.ReviewControllerTests - Running with Spring Boot v3.3.5, Spring v6.1.14
2025-01-09T15:30:59.723+0100 INFO               [main]                         be.pxl.services.ReviewControllerTests - No active profile set, falling back to 1 default profile: "default"
2025-01-09T15:31:09.329+0100 INFO               [main]                         be.pxl.services.ReviewControllerTests - Started ReviewControllerTests in 11.657 seconds (process running for 30.936)
2025-01-09T15:31:11.100+0100 INFO               [main]                         be.pxl.services.controller.ReviewController - Review added for post ID: 1
2025-01-09T15:31:12.036+0100 INFO               [main]                         be.pxl.services.ReviewServiceApplicationTests - Starting ReviewServiceApplicationTests using Java 22.0.1 with PID 10698 (started by furkan in /Users/furkan/Desktop/jaar3/project-MehmetKarakocPXL/backend-java/review-service)
2025-01-09T15:31:12.037+0100 DEBUG              [main]                         be.pxl.services.ReviewServiceApplicationTests - Running with Spring Boot v3.3.5, Spring v6.1.14
2025-01-09T15:31:12.037+0100 INFO               [main]                         be.pxl.services.ReviewServiceApplicationTests - No active profile set, falling back to 1 default profile: "default"
2025-01-09T15:31:13.214+0100 INFO               [main]                         be.pxl.services.ReviewServiceApplicationTests - Started ReviewServiceApplicationTests in 1.397 seconds (process running for 34.821)
2025-01-09T15:34:32.574+0100 INFO               [main]                         be.pxl.services.ReviewControllerTests - Starting ReviewControllerTests using Java 22.0.1 with PID 10924 (started by furkan in /Users/furkan/Desktop/jaar3/project-MehmetKarakocPXL/backend-java/review-service)
2025-01-09T15:34:32.576+0100 DEBUG              [main]                         be.pxl.services.ReviewControllerTests - Running with Spring Boot v3.3.5, Spring v6.1.14
2025-01-09T15:34:32.578+0100 INFO               [main]                         be.pxl.services.ReviewControllerTests - No active profile set, falling back to 1 default profile: "default"
2025-01-09T15:34:41.930+0100 INFO               [main]                         be.pxl.services.ReviewControllerTests - Started ReviewControllerTests in 11.541 seconds (process running for 29.699)
2025-01-09T15:34:43.626+0100 INFO               [main]                         be.pxl.services.controller.ReviewController - Review added for post ID: 1
2025-01-09T15:34:44.344+0100 INFO               [main]                         be.pxl.services.ReviewServiceApplicationTests - Starting ReviewServiceApplicationTests using Java 22.0.1 with PID 10924 (started by furkan in /Users/furkan/Desktop/jaar3/project-MehmetKarakocPXL/backend-java/review-service)
2025-01-09T15:34:44.345+0100 DEBUG              [main]                         be.pxl.services.ReviewServiceApplicationTests - Running with Spring Boot v3.3.5, Spring v6.1.14
2025-01-09T15:34:44.345+0100 INFO               [main]                         be.pxl.services.ReviewServiceApplicationTests - No active profile set, falling back to 1 default profile: "default"
2025-01-09T15:34:45.680+0100 INFO               [main]                         be.pxl.services.ReviewServiceApplicationTests - Started ReviewServiceApplicationTests in 1.516 seconds (process running for 33.45)
2025-01-09T15:37:34.901+0100 INFO               [main]                         be.pxl.services.ReviewControllerTests - Starting ReviewControllerTests using Java 22.0.1 with PID 11131 (started by furkan in /Users/furkan/Desktop/jaar3/project-MehmetKarakocPXL/backend-java/review-service)
2025-01-09T15:37:34.904+0100 DEBUG              [main]                         be.pxl.services.ReviewControllerTests - Running with Spring Boot v3.3.5, Spring v6.1.14
2025-01-09T15:37:34.905+0100 INFO               [main]                         be.pxl.services.ReviewControllerTests - No active profile set, falling back to 1 default profile: "default"
2025-01-09T15:37:43.642+0100 INFO               [main]                         be.pxl.services.ReviewControllerTests - Started ReviewControllerTests in 10.684 seconds (process running for 28.454)
2025-01-09T15:37:45.414+0100 INFO               [main]                         be.pxl.services.controller.ReviewController - Review added for post ID: 1
2025-01-09T15:37:46.145+0100 INFO               [main]                         be.pxl.services.ReviewServiceApplicationTests - Starting ReviewServiceApplicationTests using Java 22.0.1 with PID 11131 (started by furkan in /Users/furkan/Desktop/jaar3/project-MehmetKarakocPXL/backend-java/review-service)
2025-01-09T15:37:46.145+0100 DEBUG              [main]                         be.pxl.services.ReviewServiceApplicationTests - Running with Spring Boot v3.3.5, Spring v6.1.14
2025-01-09T15:37:46.146+0100 INFO               [main]                         be.pxl.services.ReviewServiceApplicationTests - No active profile set, falling back to 1 default profile: "default"
2025-01-09T15:37:47.267+0100 INFO               [main]                         be.pxl.services.ReviewServiceApplicationTests - Started ReviewServiceApplicationTests in 1.31 seconds (process running for 32.08)
2025-01-09T16:15:33.748+0100 INFO               [main]                         be.pxl.services.ReviewControllerTests - Starting ReviewControllerTests using Java 22.0.1 with PID 14096 (started by furkan in /Users/furkan/Desktop/jaar3/project-MehmetKarakocPXL/backend-java/review-service)
2025-01-09T16:15:33.750+0100 DEBUG              [main]                         be.pxl.services.ReviewControllerTests - Running with Spring Boot v3.3.5, Spring v6.1.14
2025-01-09T16:15:33.751+0100 INFO               [main]                         be.pxl.services.ReviewControllerTests - No active profile set, falling back to 1 default profile: "default"
2025-01-09T16:15:39.784+0100 INFO               [main]                         be.pxl.services.ReviewControllerTests - Started ReviewControllerTests in 7.383 seconds (process running for 23.992)
2025-01-09T16:15:41.007+0100 INFO               [main]                         be.pxl.services.controller.ReviewController - Review added for post ID: 1
2025-01-09T16:16:49.783+0100 INFO               [main]                         be.pxl.services.ReviewControllerTests - Starting ReviewControllerTests using Java 22.0.1 with PID 14186 (started by furkan in /Users/furkan/Desktop/jaar3/project-MehmetKarakocPXL/backend-java/review-service)
2025-01-09T16:16:49.785+0100 DEBUG              [main]                         be.pxl.services.ReviewControllerTests - Running with Spring Boot v3.3.5, Spring v6.1.14
2025-01-09T16:16:49.786+0100 INFO               [main]                         be.pxl.services.ReviewControllerTests - No active profile set, falling back to 1 default profile: "default"
2025-01-09T16:16:57.462+0100 INFO               [main]                         be.pxl.services.ReviewControllerTests - Started ReviewControllerTests in 8.968 seconds (process running for 28.014)
2025-01-09T16:17:00.578+0100 INFO               [main]                         be.pxl.services.controller.ReviewController - Review added for post ID: 1
2025-01-09T16:17:23.357+0100 INFO               [main]                         be.pxl.services.ReviewServiceApplicationTests - Starting ReviewServiceApplicationTests using Java 22.0.1 with PID 14239 (started by furkan in /Users/furkan/Desktop/jaar3/project-MehmetKarakocPXL/backend-java/review-service)
2025-01-09T16:17:23.359+0100 DEBUG              [main]                         be.pxl.services.ReviewServiceApplicationTests - Running with Spring Boot v3.3.5, Spring v6.1.14
2025-01-09T16:17:23.360+0100 INFO               [main]                         be.pxl.services.ReviewServiceApplicationTests - No active profile set, falling back to 1 default profile: "default"
2025-01-09T16:17:31.917+0100 INFO               [main]                         be.pxl.services.ReviewServiceApplicationTests - Started ReviewServiceApplicationTests in 10.561 seconds (process running for 13.087)
2025-01-09T16:17:46.989+0100 INFO               [main]                         be.pxl.services.ReviewControllerTests - Starting ReviewControllerTests using Java 22.0.1 with PID 14239 (started by furkan in /Users/furkan/Desktop/jaar3/project-MehmetKarakocPXL/backend-java/review-service)
2025-01-09T16:17:46.989+0100 DEBUG              [main]                         be.pxl.services.ReviewControllerTests - Running with Spring Boot v3.3.5, Spring v6.1.14
2025-01-09T16:17:46.990+0100 INFO               [main]                         be.pxl.services.ReviewControllerTests - No active profile set, falling back to 1 default profile: "default"
2025-01-09T16:17:48.283+0100 INFO               [main]                         be.pxl.services.ReviewControllerTests - Started ReviewControllerTests in 1.386 seconds (process running for 29.453)
2025-01-09T16:17:49.276+0100 INFO               [main]                         be.pxl.services.controller.ReviewController - Review added for post ID: 1
2025-01-09T16:18:54.242+0100 INFO               [main]                         be.pxl.services.ReviewControllerTests - Starting ReviewControllerTests using Java 22.0.1 with PID 14319 (started by furkan in /Users/furkan/Desktop/jaar3/project-MehmetKarakocPXL/backend-java/review-service)
2025-01-09T16:18:54.244+0100 DEBUG              [main]                         be.pxl.services.ReviewControllerTests - Running with Spring Boot v3.3.5, Spring v6.1.14
2025-01-09T16:18:54.244+0100 INFO               [main]                         be.pxl.services.ReviewControllerTests - No active profile set, falling back to 1 default profile: "default"
2025-01-09T16:19:00.912+0100 INFO               [main]                         be.pxl.services.ReviewControllerTests - Started ReviewControllerTests in 7.773 seconds (process running for 22.196)
2025-01-09T16:19:03.233+0100 INFO               [main]                         be.pxl.services.controller.ReviewController - Review added for post ID: 1
2025-01-09T16:19:03.795+0100 INFO               [main]                         be.pxl.services.ReviewServiceApplicationTests - Starting ReviewServiceApplicationTests using Java 22.0.1 with PID 14319 (started by furkan in /Users/furkan/Desktop/jaar3/project-MehmetKarakocPXL/backend-java/review-service)
2025-01-09T16:19:03.796+0100 DEBUG              [main]                         be.pxl.services.ReviewServiceApplicationTests - Running with Spring Boot v3.3.5, Spring v6.1.14
2025-01-09T16:19:03.796+0100 INFO               [main]                         be.pxl.services.ReviewServiceApplicationTests - No active profile set, falling back to 1 default profile: "default"
2025-01-09T16:19:05.084+0100 INFO               [main]                         be.pxl.services.ReviewServiceApplicationTests - Started ReviewServiceApplicationTests in 1.451 seconds (process running for 26.368)
2025-01-09T16:24:24.275+0100 INFO               [main]                         be.pxl.services.ReviewControllerTests - Starting ReviewControllerTests using Java 22.0.1 with PID 14665 (started by furkan in /Users/furkan/Desktop/jaar3/project-MehmetKarakocPXL/backend-java/review-service)
2025-01-09T16:24:24.279+0100 DEBUG              [main]                         be.pxl.services.ReviewControllerTests - Running with Spring Boot v3.3.5, Spring v6.1.14
2025-01-09T16:24:24.280+0100 INFO               [main]                         be.pxl.services.ReviewControllerTests - No active profile set, falling back to 1 default profile: "default"
2025-01-09T16:24:33.505+0100 INFO               [main]                         be.pxl.services.ReviewControllerTests - Started ReviewControllerTests in 10.711 seconds (process running for 28.439)
2025-01-09T16:24:35.746+0100 INFO               [main]                         be.pxl.services.controller.ReviewController - Review added for post ID: 1
2025-01-09T16:24:36.464+0100 INFO               [main]                         be.pxl.services.ReviewServiceApplicationTests - Starting ReviewServiceApplicationTests using Java 22.0.1 with PID 14665 (started by furkan in /Users/furkan/Desktop/jaar3/project-MehmetKarakocPXL/backend-java/review-service)
2025-01-09T16:24:36.465+0100 DEBUG              [main]                         be.pxl.services.ReviewServiceApplicationTests - Running with Spring Boot v3.3.5, Spring v6.1.14
2025-01-09T16:24:36.465+0100 INFO               [main]                         be.pxl.services.ReviewServiceApplicationTests - No active profile set, falling back to 1 default profile: "default"
2025-01-09T16:24:37.764+0100 INFO               [main]                         be.pxl.services.ReviewServiceApplicationTests - Started ReviewServiceApplicationTests in 1.492 seconds (process running for 32.698)
2025-01-09T16:26:24.307+0100 INFO               [main]                         be.pxl.services.ReviewControllerTests - Starting ReviewControllerTests using Java 22.0.1 with PID 14802 (started by furkan in /Users/furkan/Desktop/jaar3/project-MehmetKarakocPXL/backend-java/review-service)
2025-01-09T16:26:24.311+0100 DEBUG              [main]                         be.pxl.services.ReviewControllerTests - Running with Spring Boot v3.3.5, Spring v6.1.14
2025-01-09T16:26:24.312+0100 INFO               [main]                         be.pxl.services.ReviewControllerTests - No active profile set, falling back to 1 default profile: "default"
2025-01-09T16:26:34.563+0100 INFO               [main]                         be.pxl.services.ReviewControllerTests - Started ReviewControllerTests in 12.308 seconds (process running for 29.324)
2025-01-09T16:26:36.443+0100 INFO               [main]                         be.pxl.services.controller.ReviewController - Review added for post ID: 1
2025-01-09T16:26:37.265+0100 INFO               [main]                         be.pxl.services.ReviewServiceApplicationTests - Starting ReviewServiceApplicationTests using Java 22.0.1 with PID 14802 (started by furkan in /Users/furkan/Desktop/jaar3/project-MehmetKarakocPXL/backend-java/review-service)
2025-01-09T16:26:37.265+0100 DEBUG              [main]                         be.pxl.services.ReviewServiceApplicationTests - Running with Spring Boot v3.3.5, Spring v6.1.14
2025-01-09T16:26:37.266+0100 INFO               [main]                         be.pxl.services.ReviewServiceApplicationTests - No active profile set, falling back to 1 default profile: "default"
2025-01-09T16:26:38.378+0100 INFO               [main]                         be.pxl.services.ReviewServiceApplicationTests - Started ReviewServiceApplicationTests in 1.349 seconds (process running for 33.139)
2025-01-09T16:27:38.365+0100 INFO               [main]                         be.pxl.services.ReviewControllerTests - Starting ReviewControllerTests using Java 22.0.1 with PID 14900 (started by furkan in /Users/furkan/Desktop/jaar3/project-MehmetKarakocPXL/backend-java/review-service)
2025-01-09T16:27:38.367+0100 DEBUG              [main]                         be.pxl.services.ReviewControllerTests - Running with Spring Boot v3.3.5, Spring v6.1.14
2025-01-09T16:27:38.368+0100 INFO               [main]                         be.pxl.services.ReviewControllerTests - No active profile set, falling back to 1 default profile: "default"
2025-01-09T16:27:50.494+0100 INFO               [main]                         be.pxl.services.ReviewControllerTests - Started ReviewControllerTests in 13.933 seconds (process running for 32.709)
2025-01-09T16:27:54.650+0100 INFO               [main]                         be.pxl.services.controller.ReviewController - Review added for post ID: 1
2025-01-09T16:27:56.287+0100 INFO               [main]                         be.pxl.services.ReviewServiceApplicationTests - Starting ReviewServiceApplicationTests using Java 22.0.1 with PID 14900 (started by furkan in /Users/furkan/Desktop/jaar3/project-MehmetKarakocPXL/backend-java/review-service)
2025-01-09T16:27:56.288+0100 DEBUG              [main]                         be.pxl.services.ReviewServiceApplicationTests - Running with Spring Boot v3.3.5, Spring v6.1.14
2025-01-09T16:27:56.288+0100 INFO               [main]                         be.pxl.services.ReviewServiceApplicationTests - No active profile set, falling back to 1 default profile: "default"
2025-01-09T16:27:58.741+0100 INFO               [main]                         be.pxl.services.ReviewServiceApplicationTests - Started ReviewServiceApplicationTests in 2.781 seconds (process running for 40.957)
2025-01-09T17:02:08.525+0100 INFO               [main]                         be.pxl.services.ReviewServiceApplicationTests - Starting ReviewServiceApplicationTests using Java 22.0.1 with PID 17270 (started by furkan in /Users/furkan/Desktop/jaar3/project-MehmetKarakocPXL/backend-java/review-service)
2025-01-09T17:02:08.527+0100 DEBUG              [main]                         be.pxl.services.ReviewServiceApplicationTests - Running with Spring Boot v3.3.5, Spring v6.1.14
2025-01-09T17:02:08.528+0100 INFO               [main]                         be.pxl.services.ReviewServiceApplicationTests - No active profile set, falling back to 1 default profile: "default"
2025-01-09T17:02:16.943+0100 INFO               [main]                         be.pxl.services.ReviewServiceApplicationTests - Started ReviewServiceApplicationTests in 10.265 seconds (process running for 12.641)
2025-01-09T17:02:33.301+0100 INFO               [main]                         be.pxl.services.ReviewControllerTests - Starting ReviewControllerTests using Java 22.0.1 with PID 17270 (started by furkan in /Users/furkan/Desktop/jaar3/project-MehmetKarakocPXL/backend-java/review-service)
2025-01-09T17:02:33.301+0100 DEBUG              [main]                         be.pxl.services.ReviewControllerTests - Running with Spring Boot v3.3.5, Spring v6.1.14
2025-01-09T17:02:33.302+0100 INFO               [main]                         be.pxl.services.ReviewControllerTests - No active profile set, falling back to 1 default profile: "default"
2025-01-09T17:02:34.818+0100 INFO               [main]                         be.pxl.services.ReviewControllerTests - Started ReviewControllerTests in 1.711 seconds (process running for 30.516)
2025-01-09T17:02:35.828+0100 INFO               [main]                         be.pxl.services.controller.ReviewController - Review added for post ID: 1
