2024-12-26T19:18:00.458+0100 INFO               [main]                         be.pxl.services.PostControllerTests     - Starting PostTests using Java 22.0.1 with PID 21022 (started by furkan in /Users/furkan/Desktop/jaar3/project-MehmetKarakocPXL/backend-java/post-service)
2024-12-26T19:18:00.459+0100 DEBUG              [main]                         be.pxl.services.PostControllerTests     - Running with Spring Boot v3.3.5, Spring v6.1.14
2024-12-26T19:18:00.460+0100 INFO               [main]                         be.pxl.services.PostControllerTests     - No active profile set, falling back to 1 default profile: "default"
2024-12-26T19:18:07.337+0100 INFO               [main]                         be.pxl.services.PostControllerTests     - Started PostTests in 8.293 seconds (process running for 97.083)
2024-12-26T19:19:54.075+0100 INFO               [main]                         be.pxl.services.PostControllerTests     - Starting PostTests using Java 22.0.1 with PID 21178 (started by furkan in /Users/furkan/Desktop/jaar3/project-MehmetKarakocPXL/backend-java/post-service)
2024-12-26T19:19:54.076+0100 DEBUG              [main]                         be.pxl.services.PostControllerTests     - Running with Spring Boot v3.3.5, Spring v6.1.14
2024-12-26T19:19:54.077+0100 INFO               [main]                         be.pxl.services.PostControllerTests     - No active profile set, falling back to 1 default profile: "default"
2024-12-26T19:19:57.682+0100 INFO               [main]                         be.pxl.services.PostControllerTests     - Started PostTests in 4.16 seconds (process running for 16.824)
2024-12-26T19:19:58.125+0100 INFO               [main]                         be.pxl.services.controller.PostController - Post added
2024-12-26T19:20:56.861+0100 INFO               [main]                         be.pxl.services.PostControllerTests     - Starting PostTests using Java 22.0.1 with PID 21224 (started by furkan in /Users/furkan/Desktop/jaar3/project-MehmetKarakocPXL/backend-java/post-service)
2024-12-26T19:20:56.861+0100 DEBUG              [main]                         be.pxl.services.PostControllerTests     - Running with Spring Boot v3.3.5, Spring v6.1.14
2024-12-26T19:20:56.862+0100 INFO               [main]                         be.pxl.services.PostControllerTests     - No active profile set, falling back to 1 default profile: "default"
2024-12-26T19:21:00.491+0100 INFO               [main]                         be.pxl.services.PostControllerTests     - Started PostTests in 4.188 seconds (process running for 17.128)
2024-12-26T19:21:00.949+0100 INFO               [main]                         be.pxl.services.controller.PostController - Post added
2024-12-26T19:22:57.494+0100 INFO               [main]                         be.pxl.services.PostControllerTests     - Starting PostTests using Java 22.0.1 with PID 21305 (started by furkan in /Users/furkan/Desktop/jaar3/project-MehmetKarakocPXL/backend-java/post-service)
2024-12-26T19:22:57.495+0100 DEBUG              [main]                         be.pxl.services.PostControllerTests     - Running with Spring Boot v3.3.5, Spring v6.1.14
2024-12-26T19:22:57.496+0100 INFO               [main]                         be.pxl.services.PostControllerTests     - No active profile set, falling back to 1 default profile: "default"
2024-12-26T19:23:03.152+0100 INFO               [main]                         be.pxl.services.PostControllerTests     - Started PostTests in 6.608 seconds (process running for 23.433)
2024-12-26T19:23:03.737+0100 INFO               [main]                         be.pxl.services.controller.PostController - Post added
2024-12-26T19:27:36.365+0100 INFO               [main]                         be.pxl.services.PostControllerTests     - Starting PostTests using Java 22.0.1 with PID 21472 (started by furkan in /Users/furkan/Desktop/jaar3/project-MehmetKarakocPXL/backend-java/post-service)
2024-12-26T19:27:36.367+0100 DEBUG              [main]                         be.pxl.services.PostControllerTests     - Running with Spring Boot v3.3.5, Spring v6.1.14
2024-12-26T19:27:36.367+0100 INFO               [main]                         be.pxl.services.PostControllerTests     - No active profile set, falling back to 1 default profile: "default"
2024-12-26T19:27:42.077+0100 INFO               [main]                         be.pxl.services.PostControllerTests     - Started PostTests in 7.047 seconds (process running for 21.47)
2024-12-26T19:27:42.651+0100 INFO               [main]                         be.pxl.services.controller.PostController - Post added
2024-12-26T19:32:21.462+0100 INFO               [main]                         be.pxl.services.PostControllerTests     - Starting PostTests using Java 22.0.1 with PID 21652 (started by furkan in /Users/furkan/Desktop/jaar3/project-MehmetKarakocPXL/backend-java/post-service)
2024-12-26T19:32:21.462+0100 DEBUG              [main]                         be.pxl.services.PostControllerTests     - Running with Spring Boot v3.3.5, Spring v6.1.14
2024-12-26T19:32:21.463+0100 INFO               [main]                         be.pxl.services.PostControllerTests     - No active profile set, falling back to 1 default profile: "default"
2024-12-26T19:32:24.952+0100 INFO               [main]                         be.pxl.services.PostControllerTests     - Started PostTests in 4.049 seconds (process running for 17.499)
2024-12-26T19:32:52.184+0100 INFO               [main]                         be.pxl.services.PostControllerTests     - Starting PostTests using Java 22.0.1 with PID 21689 (started by furkan in /Users/furkan/Desktop/jaar3/project-MehmetKarakocPXL/backend-java/post-service)
2024-12-26T19:32:52.185+0100 DEBUG              [main]                         be.pxl.services.PostControllerTests     - Running with Spring Boot v3.3.5, Spring v6.1.14
2024-12-26T19:32:52.186+0100 INFO               [main]                         be.pxl.services.PostControllerTests     - No active profile set, falling back to 1 default profile: "default"
2024-12-26T19:32:55.713+0100 INFO               [main]                         be.pxl.services.PostControllerTests     - Started PostTests in 4.081 seconds (process running for 17.413)
2024-12-26T19:32:56.326+0100 INFO               [main]                         be.pxl.services.controller.PostController - Post added
2024-12-26T19:53:35.473+0100 INFO               [main]                         be.pxl.services.PostControllerTests     - Starting PostTests using Java 22.0.1 with PID 22467 (started by furkan in /Users/furkan/Desktop/jaar3/project-MehmetKarakocPXL/backend-java/post-service)
2024-12-26T19:53:35.474+0100 DEBUG              [main]                         be.pxl.services.PostControllerTests     - Running with Spring Boot v3.3.5, Spring v6.1.14
2024-12-26T19:53:35.474+0100 INFO               [main]                         be.pxl.services.PostControllerTests     - No active profile set, falling back to 1 default profile: "default"
2024-12-26T19:53:39.093+0100 INFO               [main]                         be.pxl.services.PostControllerTests     - Started PostTests in 4.268 seconds (process running for 17.462)
2024-12-26T19:57:55.531+0100 INFO               [main]                         be.pxl.services.PostControllerTests     - Starting PostTests using Java 22.0.1 with PID 22634 (started by furkan in /Users/furkan/Desktop/jaar3/project-MehmetKarakocPXL/backend-java/post-service)
2024-12-26T19:57:55.532+0100 DEBUG              [main]                         be.pxl.services.PostControllerTests     - Running with Spring Boot v3.3.5, Spring v6.1.14
2024-12-26T19:57:55.532+0100 INFO               [main]                         be.pxl.services.PostControllerTests     - No active profile set, falling back to 1 default profile: "default"
2024-12-26T19:57:59.188+0100 INFO               [main]                         be.pxl.services.PostControllerTests     - Started PostTests in 4.257 seconds (process running for 16.962)
2024-12-26T19:57:59.664+0100 INFO               [main]                         be.pxl.services.controller.PostController - Post added
2024-12-26T19:59:08.609+0100 INFO               [main]                         be.pxl.services.PostControllerTests     - Starting PostTests using Java 22.0.1 with PID 22683 (started by furkan in /Users/furkan/Desktop/jaar3/project-MehmetKarakocPXL/backend-java/post-service)
2024-12-26T19:59:08.610+0100 DEBUG              [main]                         be.pxl.services.PostControllerTests     - Running with Spring Boot v3.3.5, Spring v6.1.14
2024-12-26T19:59:08.611+0100 INFO               [main]                         be.pxl.services.PostControllerTests     - No active profile set, falling back to 1 default profile: "default"
2024-12-26T19:59:12.157+0100 INFO               [main]                         be.pxl.services.PostControllerTests     - Started PostTests in 4.094 seconds (process running for 16.939)
2024-12-26T19:59:40.646+0100 INFO               [main]                         be.pxl.services.PostControllerTests     - Starting PostTests using Java 22.0.1 with PID 22720 (started by furkan in /Users/furkan/Desktop/jaar3/project-MehmetKarakocPXL/backend-java/post-service)
2024-12-26T19:59:40.646+0100 DEBUG              [main]                         be.pxl.services.PostControllerTests     - Running with Spring Boot v3.3.5, Spring v6.1.14
2024-12-26T19:59:40.647+0100 INFO               [main]                         be.pxl.services.PostControllerTests     - No active profile set, falling back to 1 default profile: "default"
2024-12-26T19:59:44.189+0100 INFO               [main]                         be.pxl.services.PostControllerTests     - Started PostTests in 4.082 seconds (process running for 16.176)
2024-12-26T20:04:33.233+0100 INFO               [main]                         be.pxl.services.PostControllerTests     - Starting PostTests using Java 22.0.1 with PID 22909 (started by furkan in /Users/furkan/Desktop/jaar3/project-MehmetKarakocPXL/backend-java/post-service)
2024-12-26T20:04:33.234+0100 DEBUG              [main]                         be.pxl.services.PostControllerTests     - Running with Spring Boot v3.3.5, Spring v6.1.14
2024-12-26T20:04:33.235+0100 INFO               [main]                         be.pxl.services.PostControllerTests     - No active profile set, falling back to 1 default profile: "default"
2024-12-26T20:04:36.664+0100 INFO               [main]                         be.pxl.services.PostControllerTests     - Started PostTests in 4.0 seconds (process running for 16.401)
2024-12-26T20:05:49.849+0100 INFO               [main]                         be.pxl.services.PostControllerTests     - Starting PostTests using Java 22.0.1 with PID 22977 (started by furkan in /Users/furkan/Desktop/jaar3/project-MehmetKarakocPXL/backend-java/post-service)
2024-12-26T20:05:49.850+0100 DEBUG              [main]                         be.pxl.services.PostControllerTests     - Running with Spring Boot v3.3.5, Spring v6.1.14
2024-12-26T20:05:49.850+0100 INFO               [main]                         be.pxl.services.PostControllerTests     - No active profile set, falling back to 1 default profile: "default"
2024-12-26T20:05:53.996+0100 INFO               [main]                         be.pxl.services.PostControllerTests     - Started PostTests in 4.727 seconds (process running for 17.812)
2024-12-26T20:09:07.901+0100 INFO               [main]                         be.pxl.services.PostControllerTests     - Starting PostTests using Java 22.0.1 with PID 23121 (started by furkan in /Users/furkan/Desktop/jaar3/project-MehmetKarakocPXL/backend-java/post-service)
2024-12-26T20:09:07.902+0100 DEBUG              [main]                         be.pxl.services.PostControllerTests     - Running with Spring Boot v3.3.5, Spring v6.1.14
2024-12-26T20:09:07.902+0100 INFO               [main]                         be.pxl.services.PostControllerTests     - No active profile set, falling back to 1 default profile: "default"
2024-12-26T20:09:12.172+0100 INFO               [main]                         be.pxl.services.PostControllerTests     - Started PostTests in 4.845 seconds (process running for 18.248)
2024-12-26T20:17:12.401+0100 INFO               [main]                         be.pxl.services.PostControllerTests     - Starting PostTests using Java 22.0.1 with PID 23450 (started by furkan in /Users/furkan/Desktop/jaar3/project-MehmetKarakocPXL/backend-java/post-service)
2024-12-26T20:17:12.401+0100 DEBUG              [main]                         be.pxl.services.PostControllerTests     - Running with Spring Boot v3.3.5, Spring v6.1.14
2024-12-26T20:17:12.402+0100 INFO               [main]                         be.pxl.services.PostControllerTests     - No active profile set, falling back to 1 default profile: "default"
2024-12-26T20:17:15.903+0100 INFO               [main]                         be.pxl.services.PostControllerTests     - Started PostTests in 4.076 seconds (process running for 17.497)
2024-12-26T20:17:38.857+0100 INFO               [main]                         be.pxl.services.PostControllerTests     - Starting PostTests using Java 22.0.1 with PID 23480 (started by furkan in /Users/furkan/Desktop/jaar3/project-MehmetKarakocPXL/backend-java/post-service)
2024-12-26T20:17:38.858+0100 DEBUG              [main]                         be.pxl.services.PostControllerTests     - Running with Spring Boot v3.3.5, Spring v6.1.14
2024-12-26T20:17:38.858+0100 INFO               [main]                         be.pxl.services.PostControllerTests     - No active profile set, falling back to 1 default profile: "default"
2024-12-26T20:17:42.767+0100 INFO               [main]                         be.pxl.services.PostControllerTests     - Started PostTests in 4.504 seconds (process running for 17.671)
2024-12-26T20:18:06.282+0100 INFO               [main]                         be.pxl.services.PostControllerTests     - Starting PostTests using Java 22.0.1 with PID 23504 (started by furkan in /Users/furkan/Desktop/jaar3/project-MehmetKarakocPXL/backend-java/post-service)
2024-12-26T20:18:06.283+0100 DEBUG              [main]                         be.pxl.services.PostControllerTests     - Running with Spring Boot v3.3.5, Spring v6.1.14
2024-12-26T20:18:06.283+0100 INFO               [main]                         be.pxl.services.PostControllerTests     - No active profile set, falling back to 1 default profile: "default"
2024-12-26T20:18:10.507+0100 INFO               [main]                         be.pxl.services.PostControllerTests     - Started PostTests in 5.134 seconds (process running for 17.879)
2024-12-26T20:18:29.569+0100 INFO               [main]                         be.pxl.services.PostControllerTests     - Starting PostTests using Java 22.0.1 with PID 23526 (started by furkan in /Users/furkan/Desktop/jaar3/project-MehmetKarakocPXL/backend-java/post-service)
2024-12-26T20:18:29.570+0100 DEBUG              [main]                         be.pxl.services.PostControllerTests     - Running with Spring Boot v3.3.5, Spring v6.1.14
2024-12-26T20:18:29.570+0100 INFO               [main]                         be.pxl.services.PostControllerTests     - No active profile set, falling back to 1 default profile: "default"
2024-12-26T20:18:33.483+0100 INFO               [main]                         be.pxl.services.PostControllerTests     - Started PostTests in 4.483 seconds (process running for 16.731)
2024-12-26T20:19:23.571+0100 INFO               [main]                         be.pxl.services.PostControllerTests     - Starting PostTests using Java 22.0.1 with PID 23576 (started by furkan in /Users/furkan/Desktop/jaar3/project-MehmetKarakocPXL/backend-java/post-service)
2024-12-26T20:19:23.572+0100 DEBUG              [main]                         be.pxl.services.PostControllerTests     - Running with Spring Boot v3.3.5, Spring v6.1.14
2024-12-26T20:19:23.572+0100 INFO               [main]                         be.pxl.services.PostControllerTests     - No active profile set, falling back to 1 default profile: "default"
2024-12-26T20:19:27.255+0100 INFO               [main]                         be.pxl.services.PostControllerTests     - Started PostTests in 4.228 seconds (process running for 17.171)
2024-12-26T20:19:27.858+0100 INFO               [main]                         be.pxl.services.controller.PostController - Post added
2024-12-26T20:21:18.705+0100 INFO               [main]                         be.pxl.services.PostControllerTests     - Starting PostTests using Java 22.0.1 with PID 23655 (started by furkan in /Users/furkan/Desktop/jaar3/project-MehmetKarakocPXL/backend-java/post-service)
2024-12-26T20:21:18.706+0100 DEBUG              [main]                         be.pxl.services.PostControllerTests     - Running with Spring Boot v3.3.5, Spring v6.1.14
2024-12-26T20:21:18.706+0100 INFO               [main]                         be.pxl.services.PostControllerTests     - No active profile set, falling back to 1 default profile: "default"
2024-12-26T20:21:22.261+0100 INFO               [main]                         be.pxl.services.PostControllerTests     - Started PostTests in 4.141 seconds (process running for 17.453)
2024-12-26T20:21:22.871+0100 INFO               [main]                         be.pxl.services.controller.PostController - Post added
2024-12-26T20:23:25.467+0100 INFO               [main]                         be.pxl.services.PostControllerTests     - Starting PostTests using Java 22.0.1 with PID 23743 (started by furkan in /Users/furkan/Desktop/jaar3/project-MehmetKarakocPXL/backend-java/post-service)
2024-12-26T20:23:25.468+0100 DEBUG              [main]                         be.pxl.services.PostControllerTests     - Running with Spring Boot v3.3.5, Spring v6.1.14
2024-12-26T20:23:25.469+0100 INFO               [main]                         be.pxl.services.PostControllerTests     - No active profile set, falling back to 1 default profile: "default"
2024-12-26T20:23:29.049+0100 INFO               [main]                         be.pxl.services.PostControllerTests     - Started PostTests in 4.137 seconds (process running for 16.505)
2024-12-26T20:23:51.557+0100 INFO               [main]                         be.pxl.services.PostControllerTests     - Starting PostTests using Java 22.0.1 with PID 23764 (started by furkan in /Users/furkan/Desktop/jaar3/project-MehmetKarakocPXL/backend-java/post-service)
2024-12-26T20:23:51.557+0100 DEBUG              [main]                         be.pxl.services.PostControllerTests     - Running with Spring Boot v3.3.5, Spring v6.1.14
2024-12-26T20:23:51.558+0100 INFO               [main]                         be.pxl.services.PostControllerTests     - No active profile set, falling back to 1 default profile: "default"
2024-12-26T20:23:55.188+0100 INFO               [main]                         be.pxl.services.PostControllerTests     - Started PostTests in 4.172 seconds (process running for 17.026)
2024-12-26T20:23:55.788+0100 INFO               [main]                         be.pxl.services.controller.PostController - Post added
2024-12-26T20:25:55.425+0100 INFO               [main]                         be.pxl.services.PostControllerTests     - Starting PostTests using Java 22.0.1 with PID 23856 (started by furkan in /Users/furkan/Desktop/jaar3/project-MehmetKarakocPXL/backend-java/post-service)
2024-12-26T20:25:55.426+0100 DEBUG              [main]                         be.pxl.services.PostControllerTests     - Running with Spring Boot v3.3.5, Spring v6.1.14
2024-12-26T20:25:55.427+0100 INFO               [main]                         be.pxl.services.PostControllerTests     - No active profile set, falling back to 1 default profile: "default"
2024-12-26T20:25:59.098+0100 INFO               [main]                         be.pxl.services.PostControllerTests     - Started PostTests in 4.227 seconds (process running for 17.185)
2024-12-26T20:25:59.749+0100 INFO               [main]                         be.pxl.services.controller.PostController - Post added
2024-12-26T20:34:22.772+0100 INFO               [main]                         be.pxl.services.PostControllerTests     - Starting PostTests using Java 22.0.1 with PID 24238 (started by furkan in /Users/furkan/Desktop/jaar3/project-MehmetKarakocPXL/backend-java/post-service)
2024-12-26T20:34:22.773+0100 DEBUG              [main]                         be.pxl.services.PostControllerTests     - Running with Spring Boot v3.3.5, Spring v6.1.14
2024-12-26T20:34:22.774+0100 INFO               [main]                         be.pxl.services.PostControllerTests     - No active profile set, falling back to 1 default profile: "default"
2024-12-26T20:34:26.410+0100 INFO               [main]                         be.pxl.services.PostControllerTests     - Started PostTests in 4.217 seconds (process running for 16.857)
2024-12-26T20:34:26.767+0100 INFO               [main]                         be.pxl.services.controller.PostController - Post added
2024-12-26T20:35:52.587+0100 INFO               [main]                         be.pxl.services.PostControllerTests     - Starting PostTests using Java 22.0.1 with PID 24326 (started by furkan in /Users/furkan/Desktop/jaar3/project-MehmetKarakocPXL/backend-java/post-service)
2024-12-26T20:35:52.588+0100 DEBUG              [main]                         be.pxl.services.PostControllerTests     - Running with Spring Boot v3.3.5, Spring v6.1.14
2024-12-26T20:35:52.589+0100 INFO               [main]                         be.pxl.services.PostControllerTests     - No active profile set, falling back to 1 default profile: "default"
2024-12-26T20:35:56.928+0100 INFO               [main]                         be.pxl.services.PostControllerTests     - Started PostTests in 4.994 seconds (process running for 17.798)
2024-12-26T20:35:57.427+0100 INFO               [main]                         be.pxl.services.controller.PostController - Post added
2024-12-26T20:35:57.461+0100 INFO               [main]                         be.pxl.services.controller.PostController - Post added
2024-12-26T20:39:58.899+0100 INFO               [main]                         be.pxl.services.PostControllerTests     - Starting PostTests using Java 22.0.1 with PID 24475 (started by furkan in /Users/furkan/Desktop/jaar3/project-MehmetKarakocPXL/backend-java/post-service)
2024-12-26T20:39:58.900+0100 DEBUG              [main]                         be.pxl.services.PostControllerTests     - Running with Spring Boot v3.3.5, Spring v6.1.14
2024-12-26T20:39:58.900+0100 INFO               [main]                         be.pxl.services.PostControllerTests     - No active profile set, falling back to 1 default profile: "default"
2024-12-26T20:40:02.504+0100 INFO               [main]                         be.pxl.services.PostControllerTests     - Started PostTests in 4.156 seconds (process running for 18.249)
2024-12-26T20:40:02.841+0100 INFO               [main]                         be.pxl.services.controller.PostController - Post added
2024-12-26T23:42:51.086+0100 INFO               [main]                         be.pxl.services.PostControllerTests     - Starting PostTests using Java 22.0.1 with PID 30009 (started by furkan in /Users/furkan/Desktop/jaar3/project-MehmetKarakocPXL/backend-java/post-service)
2024-12-26T23:42:51.087+0100 DEBUG              [main]                         be.pxl.services.PostControllerTests     - Running with Spring Boot v3.3.5, Spring v6.1.14
2024-12-26T23:42:51.087+0100 INFO               [main]                         be.pxl.services.PostControllerTests     - No active profile set, falling back to 1 default profile: "default"
2024-12-26T23:42:55.063+0100 INFO               [main]                         be.pxl.services.PostControllerTests     - Started PostTests in 4.51 seconds (process running for 17.503)
2024-12-26T23:42:55.586+0100 INFO               [main]                         be.pxl.services.controller.PostController - Post added
2024-12-26T23:43:15.423+0100 INFO               [main]                         be.pxl.services.PostControllerTests     - Starting PostTests using Java 22.0.1 with PID 30034 (started by furkan in /Users/furkan/Desktop/jaar3/project-MehmetKarakocPXL/backend-java/post-service)
2024-12-26T23:43:15.424+0100 DEBUG              [main]                         be.pxl.services.PostControllerTests     - Running with Spring Boot v3.3.5, Spring v6.1.14
2024-12-26T23:43:15.424+0100 INFO               [main]                         be.pxl.services.PostControllerTests     - No active profile set, falling back to 1 default profile: "default"
2024-12-26T23:43:18.978+0100 INFO               [main]                         be.pxl.services.PostControllerTests     - Started PostTests in 4.118 seconds (process running for 16.277)
2024-12-26T23:43:19.630+0100 INFO               [main]                         be.pxl.services.controller.PostController - Post added
