2025-01-09T16:28:56.893+0100 INFO               [main]                         be.pxl.services.PostControllerTests - Starting PostControllerTests using Java 22.0.1 with PID 15006 (started by furkan in /Users/furkan/Desktop/jaar3/project-MehmetKarakocPXL/backend-java/post-service)
2025-01-09T16:28:56.905+0100 DEBUG              [main]                         be.pxl.services.PostControllerTests - Running with Spring Boot v3.3.5, Spring v6.1.14
2025-01-09T16:28:56.906+0100 INFO               [main]                         be.pxl.services.PostControllerTests - No active profile set, falling back to 1 default profile: "default"
2025-01-09T16:29:08.981+0100 INFO               [main]                         be.pxl.services.PostControllerTests - Started PostControllerTests in 13.879 seconds (process running for 33.216)
2025-01-09T16:29:09.995+0100 INFO               [main]                         be.pxl.services.controller.PostController - Post added by role: admin
2025-01-09T16:30:27.154+0100 INFO               [main]                         be.pxl.services.PostControllerTests - Starting PostControllerTests using Java 22.0.1 with PID 15126 (started by furkan in /Users/furkan/Desktop/jaar3/project-MehmetKarakocPXL/backend-java/post-service)
2025-01-09T16:30:27.156+0100 DEBUG              [main]                         be.pxl.services.PostControllerTests - Running with Spring Boot v3.3.5, Spring v6.1.14
2025-01-09T16:30:27.156+0100 INFO               [main]                         be.pxl.services.PostControllerTests - No active profile set, falling back to 1 default profile: "default"
2025-01-09T16:30:36.671+0100 INFO               [main]                         be.pxl.services.PostControllerTests - Started PostControllerTests in 11.002 seconds (process running for 40.867)
2025-01-09T16:30:38.024+0100 INFO               [main]                         be.pxl.services.controller.PostController - Post added by role: admin
2025-01-09T16:30:39.156+0100 INFO               [main]                         be.pxl.services.PostServiceApplicationTests - Starting PostServiceApplicationTests using Java 22.0.1 with PID 15126 (started by furkan in /Users/furkan/Desktop/jaar3/project-MehmetKarakocPXL/backend-java/post-service)
2025-01-09T16:30:39.156+0100 DEBUG              [main]                         be.pxl.services.PostServiceApplicationTests - Running with Spring Boot v3.3.5, Spring v6.1.14
2025-01-09T16:30:39.157+0100 INFO               [main]                         be.pxl.services.PostServiceApplicationTests - No active profile set, falling back to 1 default profile: "default"
2025-01-09T16:30:40.460+0100 INFO               [main]                         be.pxl.services.PostServiceApplicationTests - Started PostServiceApplicationTests in 1.461 seconds (process running for 44.656)
2025-01-09T16:34:47.443+0100 INFO               [main]                         be.pxl.services.PostControllerTests - Starting PostControllerTests using Java 22.0.1 with PID 15449 (started by furkan in /Users/furkan/Desktop/jaar3/project-MehmetKarakocPXL/backend-java/post-service)
2025-01-09T16:34:47.444+0100 DEBUG              [main]                         be.pxl.services.PostControllerTests - Running with Spring Boot v3.3.5, Spring v6.1.14
2025-01-09T16:34:47.444+0100 INFO               [main]                         be.pxl.services.PostControllerTests - No active profile set, falling back to 1 default profile: "default"
2025-01-09T16:34:56.829+0100 INFO               [main]                         be.pxl.services.PostControllerTests - Started PostControllerTests in 11.938 seconds (process running for 33.21)
2025-01-09T16:34:58.123+0100 INFO               [main]                         be.pxl.services.controller.PostController - Post added by role: admin
2025-01-09T16:34:59.127+0100 INFO               [main]                         be.pxl.services.PostServiceApplicationTests - Starting PostServiceApplicationTests using Java 22.0.1 with PID 15449 (started by furkan in /Users/furkan/Desktop/jaar3/project-MehmetKarakocPXL/backend-java/post-service)
2025-01-09T16:34:59.127+0100 DEBUG              [main]                         be.pxl.services.PostServiceApplicationTests - Running with Spring Boot v3.3.5, Spring v6.1.14
2025-01-09T16:34:59.127+0100 INFO               [main]                         be.pxl.services.PostServiceApplicationTests - No active profile set, falling back to 1 default profile: "default"
2025-01-09T16:35:00.496+0100 INFO               [main]                         be.pxl.services.PostServiceApplicationTests - Started PostServiceApplicationTests in 1.529 seconds (process running for 36.878)
2025-01-09T16:40:24.785+0100 INFO               [main]                         be.pxl.services.PostControllerTests - Starting PostControllerTests using Java 22.0.1 with PID 15771 (started by furkan in /Users/furkan/Desktop/jaar3/project-MehmetKarakocPXL/backend-java/post-service)
2025-01-09T16:40:24.786+0100 DEBUG              [main]                         be.pxl.services.PostControllerTests - Running with Spring Boot v3.3.5, Spring v6.1.14
2025-01-09T16:40:24.787+0100 INFO               [main]                         be.pxl.services.PostControllerTests - No active profile set, falling back to 1 default profile: "default"
2025-01-09T16:40:33.068+0100 INFO               [main]                         be.pxl.services.PostControllerTests - Started PostControllerTests in 9.408 seconds (process running for 24.718)
2025-01-09T16:40:34.271+0100 INFO               [main]                         be.pxl.services.controller.PostController - Post added by role: admin
2025-01-09T16:40:35.166+0100 INFO               [main]                         be.pxl.services.PostServiceApplicationTests - Starting PostServiceApplicationTests using Java 22.0.1 with PID 15771 (started by furkan in /Users/furkan/Desktop/jaar3/project-MehmetKarakocPXL/backend-java/post-service)
2025-01-09T16:40:35.166+0100 DEBUG              [main]                         be.pxl.services.PostServiceApplicationTests - Running with Spring Boot v3.3.5, Spring v6.1.14
2025-01-09T16:40:35.167+0100 INFO               [main]                         be.pxl.services.PostServiceApplicationTests - No active profile set, falling back to 1 default profile: "default"
2025-01-09T16:40:36.440+0100 INFO               [main]                         be.pxl.services.PostServiceApplicationTests - Started PostServiceApplicationTests in 1.415 seconds (process running for 28.09)
2025-01-09T16:46:26.728+0100 INFO               [main]                         be.pxl.services.PostControllerTests - Starting PostControllerTests using Java 22.0.1 with PID 16094 (started by furkan in /Users/furkan/Desktop/jaar3/project-MehmetKarakocPXL/backend-java/post-service)
2025-01-09T16:46:26.729+0100 DEBUG              [main]                         be.pxl.services.PostControllerTests - Running with Spring Boot v3.3.5, Spring v6.1.14
2025-01-09T16:46:26.730+0100 INFO               [main]                         be.pxl.services.PostControllerTests - No active profile set, falling back to 1 default profile: "default"
2025-01-09T16:46:35.991+0100 INFO               [main]                         be.pxl.services.PostControllerTests - Started PostControllerTests in 10.689 seconds (process running for 26.602)
2025-01-09T16:46:37.238+0100 INFO               [main]                         be.pxl.services.controller.PostController - Post added by role: admin
2025-01-09T16:46:38.069+0100 INFO               [main]                         be.pxl.services.PostServiceApplicationTests - Starting PostServiceApplicationTests using Java 22.0.1 with PID 16094 (started by furkan in /Users/furkan/Desktop/jaar3/project-MehmetKarakocPXL/backend-java/post-service)
2025-01-09T16:46:38.069+0100 DEBUG              [main]                         be.pxl.services.PostServiceApplicationTests - Running with Spring Boot v3.3.5, Spring v6.1.14
2025-01-09T16:46:38.070+0100 INFO               [main]                         be.pxl.services.PostServiceApplicationTests - No active profile set, falling back to 1 default profile: "default"
2025-01-09T16:46:39.310+0100 INFO               [main]                         be.pxl.services.PostServiceApplicationTests - Started PostServiceApplicationTests in 1.383 seconds (process running for 29.921)
2025-01-09T16:51:29.146+0100 INFO               [main]                         be.pxl.services.PostControllerTests - Starting PostControllerTests using Java 22.0.1 with PID 16421 (started by furkan in /Users/furkan/Desktop/jaar3/project-MehmetKarakocPXL/backend-java/post-service)
2025-01-09T16:51:29.148+0100 DEBUG              [main]                         be.pxl.services.PostControllerTests - Running with Spring Boot v3.3.5, Spring v6.1.14
2025-01-09T16:51:29.150+0100 INFO               [main]                         be.pxl.services.PostControllerTests - No active profile set, falling back to 1 default profile: "default"
2025-01-09T16:51:38.728+0100 INFO               [main]                         be.pxl.services.PostControllerTests - Started PostControllerTests in 10.987 seconds (process running for 26.541)
2025-01-09T16:51:40.057+0100 INFO               [main]                         be.pxl.services.controller.PostController - Post added by role: admin
2025-01-09T16:51:40.994+0100 INFO               [main]                         be.pxl.services.PostServiceApplicationTests - Starting PostServiceApplicationTests using Java 22.0.1 with PID 16421 (started by furkan in /Users/furkan/Desktop/jaar3/project-MehmetKarakocPXL/backend-java/post-service)
2025-01-09T16:51:40.994+0100 DEBUG              [main]                         be.pxl.services.PostServiceApplicationTests - Running with Spring Boot v3.3.5, Spring v6.1.14
2025-01-09T16:51:40.994+0100 INFO               [main]                         be.pxl.services.PostServiceApplicationTests - No active profile set, falling back to 1 default profile: "default"
2025-01-09T16:51:42.459+0100 INFO               [main]                         be.pxl.services.PostServiceApplicationTests - Started PostServiceApplicationTests in 1.619 seconds (process running for 30.272)
2025-01-09T16:55:49.103+0100 INFO               [main]                         be.pxl.services.PostControllerTests - Starting PostControllerTests using Java 22.0.1 with PID 16737 (started by furkan in /Users/furkan/Desktop/jaar3/project-MehmetKarakocPXL/backend-java/post-service)
2025-01-09T16:55:49.105+0100 DEBUG              [main]                         be.pxl.services.PostControllerTests - Running with Spring Boot v3.3.5, Spring v6.1.14
2025-01-09T16:55:49.106+0100 INFO               [main]                         be.pxl.services.PostControllerTests - No active profile set, falling back to 1 default profile: "default"
2025-01-09T16:55:58.814+0100 INFO               [main]                         be.pxl.services.PostControllerTests - Started PostControllerTests in 11.517 seconds (process running for 28.581)
2025-01-09T16:56:00.038+0100 INFO               [main]                         be.pxl.services.controller.PostController - Post added by role: admin
2025-01-09T16:56:01.111+0100 INFO               [main]                         be.pxl.services.PostServiceApplicationTests - Starting PostServiceApplicationTests using Java 22.0.1 with PID 16737 (started by furkan in /Users/furkan/Desktop/jaar3/project-MehmetKarakocPXL/backend-java/post-service)
2025-01-09T16:56:01.111+0100 DEBUG              [main]                         be.pxl.services.PostServiceApplicationTests - Running with Spring Boot v3.3.5, Spring v6.1.14
2025-01-09T16:56:01.111+0100 INFO               [main]                         be.pxl.services.PostServiceApplicationTests - No active profile set, falling back to 1 default profile: "default"
2025-01-09T16:56:02.573+0100 INFO               [main]                         be.pxl.services.PostServiceApplicationTests - Started PostServiceApplicationTests in 1.667 seconds (process running for 32.341)
2025-01-09T17:03:16.693+0100 INFO               [main]                         be.pxl.services.PostControllerTests - Starting PostControllerTests using Java 22.0.1 with PID 17351 (started by furkan in /Users/furkan/Desktop/jaar3/project-MehmetKarakocPXL/backend-java/post-service)
2025-01-09T17:03:16.694+0100 DEBUG              [main]                         be.pxl.services.PostControllerTests - Running with Spring Boot v3.3.5, Spring v6.1.14
2025-01-09T17:03:16.696+0100 INFO               [main]                         be.pxl.services.PostControllerTests - No active profile set, falling back to 1 default profile: "default"
2025-01-09T17:03:26.329+0100 INFO               [main]                         be.pxl.services.PostControllerTests - Started PostControllerTests in 10.995 seconds (process running for 28.56)
2025-01-09T17:03:27.573+0100 INFO               [main]                         be.pxl.services.controller.PostController - Post added by role: admin
2025-01-09T17:03:28.610+0100 INFO               [main]                         be.pxl.services.PostServiceApplicationTests - Starting PostServiceApplicationTests using Java 22.0.1 with PID 17351 (started by furkan in /Users/furkan/Desktop/jaar3/project-MehmetKarakocPXL/backend-java/post-service)
2025-01-09T17:03:28.610+0100 DEBUG              [main]                         be.pxl.services.PostServiceApplicationTests - Running with Spring Boot v3.3.5, Spring v6.1.14
2025-01-09T17:03:28.610+0100 INFO               [main]                         be.pxl.services.PostServiceApplicationTests - No active profile set, falling back to 1 default profile: "default"
2025-01-09T17:03:29.730+0100 INFO               [main]                         be.pxl.services.PostServiceApplicationTests - Started PostServiceApplicationTests in 1.285 seconds (process running for 31.962)
2025-01-09T17:07:58.114+0100 INFO               [main]                         be.pxl.services.PostControllerTests - Starting PostControllerTests using Java 22.0.1 with PID 17607 (started by furkan in /Users/furkan/Desktop/jaar3/project-MehmetKarakocPXL/backend-java/post-service)
2025-01-09T17:07:58.116+0100 DEBUG              [main]                         be.pxl.services.PostControllerTests - Running with Spring Boot v3.3.5, Spring v6.1.14
2025-01-09T17:07:58.117+0100 INFO               [main]                         be.pxl.services.PostControllerTests - No active profile set, falling back to 1 default profile: "default"
2025-01-09T17:08:13.774+0100 INFO               [main]                         be.pxl.services.PostControllerTests - Started PostControllerTests in 18.569 seconds (process running for 39.22)
2025-01-09T17:08:17.200+0100 INFO               [main]                         be.pxl.services.controller.PostController - Post added by role: admin
2025-01-09T17:08:20.138+0100 INFO               [main]                         be.pxl.services.PostServiceApplicationTests - Starting PostServiceApplicationTests using Java 22.0.1 with PID 17607 (started by furkan in /Users/furkan/Desktop/jaar3/project-MehmetKarakocPXL/backend-java/post-service)
2025-01-09T17:08:20.139+0100 DEBUG              [main]                         be.pxl.services.PostServiceApplicationTests - Running with Spring Boot v3.3.5, Spring v6.1.14
2025-01-09T17:08:20.139+0100 INFO               [main]                         be.pxl.services.PostServiceApplicationTests - No active profile set, falling back to 1 default profile: "default"
2025-01-09T17:08:21.890+0100 INFO               [main]                         be.pxl.services.PostServiceApplicationTests - Started PostServiceApplicationTests in 2.063 seconds (process running for 47.336)
2025-01-09T17:10:24.422+0100 INFO               [main]                         be.pxl.services.PostControllerTests - Starting PostControllerTests using Java 22.0.1 with PID 17830 (started by furkan in /Users/furkan/Desktop/jaar3/project-MehmetKarakocPXL/backend-java/post-service)
2025-01-09T17:10:24.424+0100 DEBUG              [main]                         be.pxl.services.PostControllerTests - Running with Spring Boot v3.3.5, Spring v6.1.14
2025-01-09T17:10:24.424+0100 INFO               [main]                         be.pxl.services.PostControllerTests - No active profile set, falling back to 1 default profile: "default"
2025-01-09T17:10:33.867+0100 INFO               [main]                         be.pxl.services.PostControllerTests - Started PostControllerTests in 10.852 seconds (process running for 25.4)
2025-01-09T17:10:35.360+0100 INFO               [main]                         be.pxl.services.controller.PostController - Post added by role: admin
2025-01-09T17:10:36.334+0100 INFO               [main]                         be.pxl.services.PostServiceApplicationTests - Starting PostServiceApplicationTests using Java 22.0.1 with PID 17830 (started by furkan in /Users/furkan/Desktop/jaar3/project-MehmetKarakocPXL/backend-java/post-service)
2025-01-09T17:10:36.335+0100 DEBUG              [main]                         be.pxl.services.PostServiceApplicationTests - Running with Spring Boot v3.3.5, Spring v6.1.14
2025-01-09T17:10:36.335+0100 INFO               [main]                         be.pxl.services.PostServiceApplicationTests - No active profile set, falling back to 1 default profile: "default"
2025-01-09T17:10:37.459+0100 INFO               [main]                         be.pxl.services.PostServiceApplicationTests - Started PostServiceApplicationTests in 1.272 seconds (process running for 28.992)
2025-01-09T17:15:09.960+0100 INFO               [main]                         be.pxl.services.PostControllerTests - Starting PostControllerTests using Java 22.0.1 with PID 18300 (started by furkan in /Users/furkan/Desktop/jaar3/project-MehmetKarakocPXL/backend-java/post-service)
2025-01-09T17:15:09.962+0100 DEBUG              [main]                         be.pxl.services.PostControllerTests - Running with Spring Boot v3.3.5, Spring v6.1.14
2025-01-09T17:15:09.963+0100 INFO               [main]                         be.pxl.services.PostControllerTests - No active profile set, falling back to 1 default profile: "default"
2025-01-09T17:15:20.121+0100 INFO               [main]                         be.pxl.services.PostControllerTests - Started PostControllerTests in 11.77 seconds (process running for 28.538)
2025-01-09T17:15:21.516+0100 INFO               [main]                         be.pxl.services.controller.PostController - Post added by role: admin
2025-01-09T17:15:23.077+0100 INFO               [main]                         be.pxl.services.PostServiceApplicationTests - Starting PostServiceApplicationTests using Java 22.0.1 with PID 18300 (started by furkan in /Users/furkan/Desktop/jaar3/project-MehmetKarakocPXL/backend-java/post-service)
2025-01-09T17:15:23.078+0100 DEBUG              [main]                         be.pxl.services.PostServiceApplicationTests - Running with Spring Boot v3.3.5, Spring v6.1.14
2025-01-09T17:15:23.078+0100 INFO               [main]                         be.pxl.services.PostServiceApplicationTests - No active profile set, falling back to 1 default profile: "default"
2025-01-09T17:15:24.283+0100 INFO               [main]                         be.pxl.services.PostServiceApplicationTests - Started PostServiceApplicationTests in 1.353 seconds (process running for 32.7)
2025-01-09T17:17:39.724+0100 INFO               [main]                         be.pxl.services.PostControllerTests - Starting PostControllerTests using Java 22.0.1 with PID 18493 (started by furkan in /Users/furkan/Desktop/jaar3/project-MehmetKarakocPXL/backend-java/post-service)
2025-01-09T17:17:39.726+0100 DEBUG              [main]                         be.pxl.services.PostControllerTests - Running with Spring Boot v3.3.5, Spring v6.1.14
2025-01-09T17:17:39.726+0100 INFO               [main]                         be.pxl.services.PostControllerTests - No active profile set, falling back to 1 default profile: "default"
2025-01-09T17:17:49.265+0100 INFO               [main]                         be.pxl.services.PostControllerTests - Started PostControllerTests in 11.784 seconds (process running for 30.997)
2025-01-09T17:17:50.631+0100 INFO               [main]                         be.pxl.services.controller.PostController - Post added by role: admin
2025-01-09T17:17:51.597+0100 INFO               [main]                         be.pxl.services.PostServiceApplicationTests - Starting PostServiceApplicationTests using Java 22.0.1 with PID 18493 (started by furkan in /Users/furkan/Desktop/jaar3/project-MehmetKarakocPXL/backend-java/post-service)
2025-01-09T17:17:51.598+0100 DEBUG              [main]                         be.pxl.services.PostServiceApplicationTests - Running with Spring Boot v3.3.5, Spring v6.1.14
2025-01-09T17:17:51.599+0100 INFO               [main]                         be.pxl.services.PostServiceApplicationTests - No active profile set, falling back to 1 default profile: "default"
2025-01-09T17:17:52.938+0100 INFO               [main]                         be.pxl.services.PostServiceApplicationTests - Started PostServiceApplicationTests in 1.475 seconds (process running for 34.67)
2025-01-09T17:18:42.341+0100 INFO               [main]                         be.pxl.services.PostControllerTests - Starting PostControllerTests using Java 22.0.1 with PID 18585 (started by furkan in /Users/furkan/Desktop/jaar3/project-MehmetKarakocPXL/backend-java/post-service)
2025-01-09T17:18:42.344+0100 DEBUG              [main]                         be.pxl.services.PostControllerTests - Running with Spring Boot v3.3.5, Spring v6.1.14
2025-01-09T17:18:42.345+0100 INFO               [main]                         be.pxl.services.PostControllerTests - No active profile set, falling back to 1 default profile: "default"
2025-01-09T17:18:55.791+0100 INFO               [main]                         be.pxl.services.PostControllerTests - Started PostControllerTests in 14.726 seconds (process running for 31.2)
2025-01-09T17:18:57.446+0100 INFO               [main]                         be.pxl.services.controller.PostController - Post added by role: admin
2025-01-09T17:18:58.571+0100 INFO               [main]                         be.pxl.services.PostServiceApplicationTests - Starting PostServiceApplicationTests using Java 22.0.1 with PID 18585 (started by furkan in /Users/furkan/Desktop/jaar3/project-MehmetKarakocPXL/backend-java/post-service)
2025-01-09T17:18:58.572+0100 DEBUG              [main]                         be.pxl.services.PostServiceApplicationTests - Running with Spring Boot v3.3.5, Spring v6.1.14
2025-01-09T17:18:58.572+0100 INFO               [main]                         be.pxl.services.PostServiceApplicationTests - No active profile set, falling back to 1 default profile: "default"
2025-01-09T17:18:59.870+0100 INFO               [main]                         be.pxl.services.PostServiceApplicationTests - Started PostServiceApplicationTests in 1.492 seconds (process running for 35.278)
2025-01-09T17:20:36.056+0100 INFO               [main]                         be.pxl.services.PostControllerTests - Starting PostControllerTests using Java 22.0.1 with PID 18737 (started by furkan in /Users/furkan/Desktop/jaar3/project-MehmetKarakocPXL/backend-java/post-service)
2025-01-09T17:20:36.057+0100 DEBUG              [main]                         be.pxl.services.PostControllerTests - Running with Spring Boot v3.3.5, Spring v6.1.14
2025-01-09T17:20:36.057+0100 INFO               [main]                         be.pxl.services.PostControllerTests - No active profile set, falling back to 1 default profile: "default"
2025-01-09T17:20:45.126+0100 INFO               [main]                         be.pxl.services.PostControllerTests - Started PostControllerTests in 10.135 seconds (process running for 25.563)
2025-01-09T17:20:46.548+0100 INFO               [main]                         be.pxl.services.controller.PostController - Post added by role: admin
2025-01-09T17:20:47.404+0100 INFO               [main]                         be.pxl.services.PostServiceApplicationTests - Starting PostServiceApplicationTests using Java 22.0.1 with PID 18737 (started by furkan in /Users/furkan/Desktop/jaar3/project-MehmetKarakocPXL/backend-java/post-service)
2025-01-09T17:20:47.404+0100 DEBUG              [main]                         be.pxl.services.PostServiceApplicationTests - Running with Spring Boot v3.3.5, Spring v6.1.14
2025-01-09T17:20:47.405+0100 INFO               [main]                         be.pxl.services.PostServiceApplicationTests - No active profile set, falling back to 1 default profile: "default"
2025-01-09T17:20:48.550+0100 INFO               [main]                         be.pxl.services.PostServiceApplicationTests - Started PostServiceApplicationTests in 1.31 seconds (process running for 28.987)
