2025-01-09T15:40:31.950+0100 INFO               [main]                         be.pxl.services.CommentControllerTests - Starting CommentControllerTests using Java 22.0.1 with PID 11297 (started by furkan in /Users/furkan/Desktop/jaar3/project-MehmetKarakocPXL/backend-java/comment-service)
2025-01-09T15:40:31.957+0100 DEBUG              [main]                         be.pxl.services.CommentControllerTests - Running with Spring Boot v3.3.5, Spring v6.1.14
2025-01-09T15:40:31.958+0100 INFO               [main]                         be.pxl.services.CommentControllerTests - No active profile set, falling back to 1 default profile: "default"
2025-01-09T15:40:37.323+0100 INFO               [main]                         be.pxl.services.CommentControllerTests - Started CommentControllerTests in 6.68 seconds (process running for 27.908)
2025-01-09T15:40:38.482+0100 INFO               [main]                         be.pxl.services.controller.CommentController - Comment added to post
2025-01-09T15:41:23.958+0100 INFO               [main]                         be.pxl.services.CommentControllerTests - Starting CommentControllerTests using Java 22.0.1 with PID 11377 (started by furkan in /Users/furkan/Desktop/jaar3/project-MehmetKarakocPXL/backend-java/comment-service)
2025-01-09T15:41:23.960+0100 DEBUG              [main]                         be.pxl.services.CommentControllerTests - Running with Spring Boot v3.3.5, Spring v6.1.14
2025-01-09T15:41:23.961+0100 INFO               [main]                         be.pxl.services.CommentControllerTests - No active profile set, falling back to 1 default profile: "default"
2025-01-09T15:41:31.287+0100 INFO               [main]                         be.pxl.services.CommentControllerTests - Started CommentControllerTests in 8.905 seconds (process running for 28.397)
2025-01-09T15:41:33.155+0100 INFO               [main]                         be.pxl.services.controller.CommentController - Comment added to post
2025-01-09T15:44:21.979+0100 INFO               [main]                         be.pxl.services.CommentControllerTests - Starting CommentControllerTests using Java 22.0.1 with PID 11538 (started by furkan in /Users/furkan/Desktop/jaar3/project-MehmetKarakocPXL/backend-java/comment-service)
2025-01-09T15:44:21.981+0100 DEBUG              [main]                         be.pxl.services.CommentControllerTests - Running with Spring Boot v3.3.5, Spring v6.1.14
2025-01-09T15:44:21.982+0100 INFO               [main]                         be.pxl.services.CommentControllerTests - No active profile set, falling back to 1 default profile: "default"
2025-01-09T15:44:34.819+0100 INFO               [main]                         be.pxl.services.CommentControllerTests - Started CommentControllerTests in 15.228 seconds (process running for 35.678)
2025-01-09T15:44:41.471+0100 INFO               [main]                         be.pxl.services.controller.CommentController - Comment added to post
2025-01-09T15:45:19.838+0100 INFO               [main]                         be.pxl.services.CommentTests  - Starting CommentTests using Java 22.0.1 with PID 11538 (started by furkan in /Users/furkan/Desktop/jaar3/project-MehmetKarakocPXL/backend-java/comment-service)
2025-01-09T15:45:19.838+0100 DEBUG              [main]                         be.pxl.services.CommentTests  - Running with Spring Boot v3.3.5, Spring v6.1.14
2025-01-09T15:45:19.838+0100 INFO               [main]                         be.pxl.services.CommentTests  - No active profile set, falling back to 1 default profile: "default"
2025-01-09T15:45:22.009+0100 INFO               [main]                         be.pxl.services.CommentTests  - Started CommentTests in 2.337 seconds (process running for 82.868)
2025-01-09T15:46:06.801+0100 INFO               [main]                         be.pxl.services.CommentControllerTests - Starting CommentControllerTests using Java 22.0.1 with PID 11696 (started by furkan in /Users/furkan/Desktop/jaar3/project-MehmetKarakocPXL/backend-java/comment-service)
2025-01-09T15:46:06.803+0100 DEBUG              [main]                         be.pxl.services.CommentControllerTests - Running with Spring Boot v3.3.5, Spring v6.1.14
2025-01-09T15:46:06.804+0100 INFO               [main]                         be.pxl.services.CommentControllerTests - No active profile set, falling back to 1 default profile: "default"
2025-01-09T15:46:15.355+0100 INFO               [main]                         be.pxl.services.CommentControllerTests - Started CommentControllerTests in 10.637 seconds (process running for 30.029)
2025-01-09T15:46:17.134+0100 INFO               [main]                         be.pxl.services.controller.CommentController - Comment added to post
2025-01-09T15:46:17.937+0100 INFO               [main]                         be.pxl.services.CommentServiceApplicationTests - Starting CommentServiceApplicationTests using Java 22.0.1 with PID 11696 (started by furkan in /Users/furkan/Desktop/jaar3/project-MehmetKarakocPXL/backend-java/comment-service)
2025-01-09T15:46:17.939+0100 DEBUG              [main]                         be.pxl.services.CommentServiceApplicationTests - Running with Spring Boot v3.3.5, Spring v6.1.14
2025-01-09T15:46:17.939+0100 INFO               [main]                         be.pxl.services.CommentServiceApplicationTests - No active profile set, falling back to 1 default profile: "default"
2025-01-09T15:46:19.078+0100 INFO               [main]                         be.pxl.services.CommentServiceApplicationTests - Started CommentServiceApplicationTests in 1.313 seconds (process running for 33.752)
2025-01-09T15:49:25.082+0100 INFO               [main]                         be.pxl.services.CommentServiceApplicationTests - Starting CommentServiceApplicationTests using Java 22.0.1 with PID 11895 (started by furkan in /Users/furkan/Desktop/jaar3/project-MehmetKarakocPXL/backend-java/comment-service)
2025-01-09T15:49:25.084+0100 DEBUG              [main]                         be.pxl.services.CommentServiceApplicationTests - Running with Spring Boot v3.3.5, Spring v6.1.14
2025-01-09T15:49:25.086+0100 INFO               [main]                         be.pxl.services.CommentServiceApplicationTests - No active profile set, falling back to 1 default profile: "default"
2025-01-09T15:49:29.956+0100 INFO               [main]                         be.pxl.services.CommentServiceApplicationTests - Started CommentServiceApplicationTests in 6.116 seconds (process running for 8.435)
2025-01-09T15:56:17.670+0100 INFO               [main]                         be.pxl.services.CommentControllerTests - Starting CommentControllerTests using Java 22.0.1 with PID 12334 (started by furkan in /Users/furkan/Desktop/jaar3/project-MehmetKarakocPXL/backend-java/comment-service)
2025-01-09T15:56:17.671+0100 DEBUG              [main]                         be.pxl.services.CommentControllerTests - Running with Spring Boot v3.3.5, Spring v6.1.14
2025-01-09T15:56:17.673+0100 INFO               [main]                         be.pxl.services.CommentControllerTests - No active profile set, falling back to 1 default profile: "default"
2025-01-09T15:56:24.253+0100 INFO               [main]                         be.pxl.services.CommentControllerTests - Started CommentControllerTests in 7.858 seconds (process running for 27.183)
2025-01-09T15:56:25.691+0100 INFO               [main]                         be.pxl.services.controller.CommentController - Comment added to post
2025-01-09T15:58:04.457+0100 INFO               [main]                         be.pxl.services.CommentAppTests - Starting CommentAppTests using Java 22.0.1 with PID 12880 (started by furkan in /Users/furkan/Desktop/jaar3/project-MehmetKarakocPXL/backend-java/comment-service)
2025-01-09T15:58:04.459+0100 DEBUG              [main]                         be.pxl.services.CommentAppTests - Running with Spring Boot v3.3.5, Spring v6.1.14
2025-01-09T15:58:04.460+0100 INFO               [main]                         be.pxl.services.CommentAppTests - No active profile set, falling back to 1 default profile: "default"
2025-01-09T15:58:12.378+0100 INFO               [main]                         be.pxl.services.CommentAppTests - Started CommentAppTests in 9.803 seconds (process running for 12.628)
2025-01-09T15:58:29.160+0100 INFO               [main]                         be.pxl.services.CommentControllerTests - Starting CommentControllerTests using Java 22.0.1 with PID 12880 (started by furkan in /Users/furkan/Desktop/jaar3/project-MehmetKarakocPXL/backend-java/comment-service)
2025-01-09T15:58:29.161+0100 DEBUG              [main]                         be.pxl.services.CommentControllerTests - Running with Spring Boot v3.3.5, Spring v6.1.14
2025-01-09T15:58:29.163+0100 INFO               [main]                         be.pxl.services.CommentControllerTests - No active profile set, falling back to 1 default profile: "default"
2025-01-09T15:58:30.778+0100 INFO               [main]                         be.pxl.services.CommentControllerTests - Started CommentControllerTests in 1.888 seconds (process running for 31.028)
2025-01-09T15:58:32.057+0100 INFO               [main]                         be.pxl.services.controller.CommentController - Comment added to post
2025-01-09T16:03:14.667+0100 INFO               [main]                         be.pxl.services.CommentAppTests - Starting CommentAppTests using Java 22.0.1 with PID 13205 (started by furkan in /Users/furkan/Desktop/jaar3/project-MehmetKarakocPXL/backend-java/comment-service)
2025-01-09T16:03:14.670+0100 DEBUG              [main]                         be.pxl.services.CommentAppTests - Running with Spring Boot v3.3.5, Spring v6.1.14
2025-01-09T16:03:14.673+0100 INFO               [main]                         be.pxl.services.CommentAppTests - No active profile set, falling back to 1 default profile: "default"
2025-01-09T16:03:23.454+0100 INFO               [main]                         be.pxl.services.CommentAppTests - Started CommentAppTests in 11.087 seconds (process running for 12.789)
2025-01-09T16:03:44.700+0100 INFO               [main]                         be.pxl.services.CommentControllerTests - Starting CommentControllerTests using Java 22.0.1 with PID 13205 (started by furkan in /Users/furkan/Desktop/jaar3/project-MehmetKarakocPXL/backend-java/comment-service)
2025-01-09T16:03:44.702+0100 DEBUG              [main]                         be.pxl.services.CommentControllerTests - Running with Spring Boot v3.3.5, Spring v6.1.14
2025-01-09T16:03:44.704+0100 INFO               [main]                         be.pxl.services.CommentControllerTests - No active profile set, falling back to 1 default profile: "default"
2025-01-09T16:03:49.021+0100 INFO               [main]                         be.pxl.services.CommentControllerTests - Started CommentControllerTests in 5.252 seconds (process running for 38.356)
2025-01-09T16:03:50.467+0100 INFO               [main]                         be.pxl.services.controller.CommentController - Comment added to post
2025-01-09T16:05:53.418+0100 INFO               [main]                         be.pxl.services.CommentAppTests - Starting CommentAppTests using Java 22.0.1 with PID 13418 (started by furkan in /Users/furkan/Desktop/jaar3/project-MehmetKarakocPXL/backend-java/comment-service)
2025-01-09T16:05:53.420+0100 DEBUG              [main]                         be.pxl.services.CommentAppTests - Running with Spring Boot v3.3.5, Spring v6.1.14
2025-01-09T16:05:53.421+0100 INFO               [main]                         be.pxl.services.CommentAppTests - No active profile set, falling back to 1 default profile: "default"
2025-01-09T16:06:01.281+0100 INFO               [main]                         be.pxl.services.CommentAppTests - Started CommentAppTests in 9.949 seconds (process running for 12.122)
2025-01-09T16:06:17.556+0100 INFO               [main]                         be.pxl.services.CommentControllerTests - Starting CommentControllerTests using Java 22.0.1 with PID 13418 (started by furkan in /Users/furkan/Desktop/jaar3/project-MehmetKarakocPXL/backend-java/comment-service)
2025-01-09T16:06:17.556+0100 DEBUG              [main]                         be.pxl.services.CommentControllerTests - Running with Spring Boot v3.3.5, Spring v6.1.14
2025-01-09T16:06:17.557+0100 INFO               [main]                         be.pxl.services.CommentControllerTests - No active profile set, falling back to 1 default profile: "default"
2025-01-09T16:06:19.006+0100 INFO               [main]                         be.pxl.services.CommentControllerTests - Started CommentControllerTests in 1.588 seconds (process running for 29.847)
2025-01-09T16:06:19.876+0100 INFO               [main]                         be.pxl.services.controller.CommentController - Comment added to post
2025-01-09T16:09:14.832+0100 INFO               [main]                         be.pxl.services.CommentAppTests - Starting CommentAppTests using Java 22.0.1 with PID 13633 (started by furkan in /Users/furkan/Desktop/jaar3/project-MehmetKarakocPXL/backend-java/comment-service)
2025-01-09T16:09:14.833+0100 DEBUG              [main]                         be.pxl.services.CommentAppTests - Running with Spring Boot v3.3.5, Spring v6.1.14
2025-01-09T16:09:14.836+0100 INFO               [main]                         be.pxl.services.CommentAppTests - No active profile set, falling back to 1 default profile: "default"
2025-01-09T16:09:22.538+0100 INFO               [main]                         be.pxl.services.CommentAppTests - Started CommentAppTests in 9.037 seconds (process running for 10.613)
2025-01-09T16:09:38.977+0100 INFO               [main]                         be.pxl.services.CommentControllerTests - Starting CommentControllerTests using Java 22.0.1 with PID 13633 (started by furkan in /Users/furkan/Desktop/jaar3/project-MehmetKarakocPXL/backend-java/comment-service)
2025-01-09T16:09:38.978+0100 DEBUG              [main]                         be.pxl.services.CommentControllerTests - Running with Spring Boot v3.3.5, Spring v6.1.14
2025-01-09T16:09:38.978+0100 INFO               [main]                         be.pxl.services.CommentControllerTests - No active profile set, falling back to 1 default profile: "default"
2025-01-09T16:09:40.035+0100 INFO               [main]                         be.pxl.services.CommentControllerTests - Started CommentControllerTests in 1.179 seconds (process running for 28.109)
2025-01-09T16:09:41.024+0100 INFO               [main]                         be.pxl.services.controller.CommentController - Comment added to post
2025-01-09T16:13:52.060+0100 INFO               [main]                         be.pxl.services.CommentAppTests - Starting CommentAppTests using Java 22.0.1 with PID 13985 (started by furkan in /Users/furkan/Desktop/jaar3/project-MehmetKarakocPXL/backend-java/comment-service)
2025-01-09T16:13:52.062+0100 DEBUG              [main]                         be.pxl.services.CommentAppTests - Running with Spring Boot v3.3.5, Spring v6.1.14
2025-01-09T16:13:52.063+0100 INFO               [main]                         be.pxl.services.CommentAppTests - No active profile set, falling back to 1 default profile: "default"
2025-01-09T16:13:59.954+0100 INFO               [main]                         be.pxl.services.CommentAppTests - Started CommentAppTests in 9.723 seconds (process running for 11.388)
2025-01-09T16:14:15.795+0100 INFO               [main]                         be.pxl.services.CommentControllerTests - Starting CommentControllerTests using Java 22.0.1 with PID 13985 (started by furkan in /Users/furkan/Desktop/jaar3/project-MehmetKarakocPXL/backend-java/comment-service)
2025-01-09T16:14:15.795+0100 DEBUG              [main]                         be.pxl.services.CommentControllerTests - Running with Spring Boot v3.3.5, Spring v6.1.14
2025-01-09T16:14:15.796+0100 INFO               [main]                         be.pxl.services.CommentControllerTests - No active profile set, falling back to 1 default profile: "default"
2025-01-09T16:14:17.033+0100 INFO               [main]                         be.pxl.services.CommentControllerTests - Started CommentControllerTests in 1.37 seconds (process running for 28.467)
2025-01-09T16:14:18.096+0100 INFO               [main]                         be.pxl.services.controller.CommentController - Comment added to post
2025-01-09T16:57:03.198+0100 INFO               [main]                         be.pxl.services.CommentAppTests - Starting CommentAppTests using Java 22.0.1 with PID 16933 (started by furkan in /Users/furkan/Desktop/jaar3/project-MehmetKarakocPXL/backend-java/comment-service)
2025-01-09T16:57:03.200+0100 DEBUG              [main]                         be.pxl.services.CommentAppTests - Running with Spring Boot v3.3.5, Spring v6.1.14
2025-01-09T16:57:03.200+0100 INFO               [main]                         be.pxl.services.CommentAppTests - No active profile set, falling back to 1 default profile: "default"
2025-01-09T16:57:09.457+0100 INFO               [main]                         be.pxl.services.CommentAppTests - Started CommentAppTests in 7.578 seconds (process running for 9.113)
2025-01-09T16:57:23.831+0100 INFO               [main]                         be.pxl.services.CommentControllerTests - Starting CommentControllerTests using Java 22.0.1 with PID 16933 (started by furkan in /Users/furkan/Desktop/jaar3/project-MehmetKarakocPXL/backend-java/comment-service)
2025-01-09T16:57:23.832+0100 DEBUG              [main]                         be.pxl.services.CommentControllerTests - Running with Spring Boot v3.3.5, Spring v6.1.14
2025-01-09T16:57:23.832+0100 INFO               [main]                         be.pxl.services.CommentControllerTests - No active profile set, falling back to 1 default profile: "default"
2025-01-09T16:57:24.891+0100 INFO               [main]                         be.pxl.services.CommentControllerTests - Started CommentControllerTests in 1.147 seconds (process running for 24.547)
2025-01-09T16:57:26.018+0100 INFO               [main]                         be.pxl.services.controller.CommentController - Comment added to post
2025-01-09T17:00:59.899+0100 INFO               [main]                         be.pxl.services.CommentAppTests - Starting CommentAppTests using Java 22.0.1 with PID 17182 (started by furkan in /Users/furkan/Desktop/jaar3/project-MehmetKarakocPXL/backend-java/comment-service)
2025-01-09T17:00:59.900+0100 DEBUG              [main]                         be.pxl.services.CommentAppTests - Running with Spring Boot v3.3.5, Spring v6.1.14
2025-01-09T17:00:59.901+0100 INFO               [main]                         be.pxl.services.CommentAppTests - No active profile set, falling back to 1 default profile: "default"
2025-01-09T17:01:05.540+0100 INFO               [main]                         be.pxl.services.CommentAppTests - Started CommentAppTests in 6.906 seconds (process running for 8.482)
2025-01-09T17:01:20.138+0100 INFO               [main]                         be.pxl.services.CommentControllerTests - Starting CommentControllerTests using Java 22.0.1 with PID 17182 (started by furkan in /Users/furkan/Desktop/jaar3/project-MehmetKarakocPXL/backend-java/comment-service)
2025-01-09T17:01:20.139+0100 DEBUG              [main]                         be.pxl.services.CommentControllerTests - Running with Spring Boot v3.3.5, Spring v6.1.14
2025-01-09T17:01:20.139+0100 INFO               [main]                         be.pxl.services.CommentControllerTests - No active profile set, falling back to 1 default profile: "default"
2025-01-09T17:01:21.031+0100 INFO               [main]                         be.pxl.services.CommentControllerTests - Started CommentControllerTests in 0.979 seconds (process running for 23.974)
2025-01-09T17:01:21.976+0100 INFO               [main]                         be.pxl.services.controller.CommentController - Comment added to post
