2025-01-08T11:47:44.335+0100 INFO               [main]                         be.pxl.services.PostServiceApplication - Starting PostServiceApplication using Java 22.0.1 with PID 82459 (/Users/furkan/Desktop/jaar3/project-MehmetKarakocPXL/backend-java/post-service/target/classes started by furkan in /Users/furkan/Desktop/jaar3/project-MehmetKarakocPXL/backend-java)
2025-01-08T11:47:44.341+0100 DEBUG              [main]                         be.pxl.services.PostServiceApplication - Running with Spring Boot v3.3.5, Spring v6.1.14
2025-01-08T11:47:44.342+0100 INFO               [main]                         be.pxl.services.PostServiceApplication - No active profile set, falling back to 1 default profile: "default"
2025-01-08T11:47:54.122+0100 INFO               [main]                         be.pxl.services.PostServiceApplication - Started PostServiceApplication in 10.928 seconds (process running for 11.778)
2025-01-08T11:50:58.557+0100 INFO               [http-nio-8082-exec-8]         be.pxl.services.controller.PostController - Post added by role: admin
2025-01-08T12:01:45.666+0100 INFO               [main]                         be.pxl.services.PostServiceApplication - Starting PostServiceApplication using Java 22.0.1 with PID 82969 (/Users/furkan/Desktop/jaar3/project-MehmetKarakocPXL/backend-java/post-service/target/classes started by furkan in /Users/furkan/Desktop/jaar3/project-MehmetKarakocPXL/backend-java)
2025-01-08T12:01:45.668+0100 DEBUG              [main]                         be.pxl.services.PostServiceApplication - Running with Spring Boot v3.3.5, Spring v6.1.14
2025-01-08T12:01:45.670+0100 INFO               [main]                         be.pxl.services.PostServiceApplication - No active profile set, falling back to 1 default profile: "default"
2025-01-08T12:01:52.648+0100 INFO               [main]                         be.pxl.services.PostServiceApplication - Started PostServiceApplication in 9.168 seconds (process running for 11.183)
2025-01-08T12:05:31.763+0100 INFO               [main]                         be.pxl.services.PostServiceApplication - Starting PostServiceApplication using Java 22.0.1 with PID 83122 (/Users/furkan/Desktop/jaar3/project-MehmetKarakocPXL/backend-java/post-service/target/classes started by furkan in /Users/furkan/Desktop/jaar3/project-MehmetKarakocPXL/backend-java)
2025-01-08T12:05:31.764+0100 DEBUG              [main]                         be.pxl.services.PostServiceApplication - Running with Spring Boot v3.3.5, Spring v6.1.14
2025-01-08T12:05:31.765+0100 INFO               [main]                         be.pxl.services.PostServiceApplication - No active profile set, falling back to 1 default profile: "default"
2025-01-08T12:05:36.724+0100 INFO               [main]                         be.pxl.services.PostServiceApplication - Started PostServiceApplication in 6.865 seconds (process running for 7.634)
2025-01-08T12:06:32.740+0100 INFO               [http-nio-8082-exec-9]         be.pxl.services.controller.PostController - Post added by role: admin
2025-01-08T12:07:59.072+0100 INFO               [http-nio-8082-exec-6]         be.pxl.services.controller.PostController - Post added by role: admin
2025-01-08T12:09:46.775+0100 INFO               [main]                         be.pxl.services.PostServiceApplication - Starting PostServiceApplication using Java 22.0.1 with PID 83322 (/Users/furkan/Desktop/jaar3/project-MehmetKarakocPXL/backend-java/post-service/target/classes started by furkan in /Users/furkan/Desktop/jaar3/project-MehmetKarakocPXL/backend-java)
2025-01-08T12:09:46.776+0100 DEBUG              [main]                         be.pxl.services.PostServiceApplication - Running with Spring Boot v3.3.5, Spring v6.1.14
2025-01-08T12:09:46.776+0100 INFO               [main]                         be.pxl.services.PostServiceApplication - No active profile set, falling back to 1 default profile: "default"
2025-01-08T12:09:51.841+0100 INFO               [main]                         be.pxl.services.PostServiceApplication - Started PostServiceApplication in 5.745 seconds (process running for 6.215)
2025-01-08T12:23:47.553+0100 INFO               [main]                         be.pxl.services.PostServiceApplication - Starting PostServiceApplication using Java 22.0.1 with PID 84143 (/Users/furkan/Desktop/jaar3/project-MehmetKarakocPXL/backend-java/post-service/target/classes started by furkan in /Users/furkan/Desktop/jaar3/project-MehmetKarakocPXL/backend-java)
2025-01-08T12:23:47.555+0100 DEBUG              [main]                         be.pxl.services.PostServiceApplication - Running with Spring Boot v3.3.5, Spring v6.1.14
2025-01-08T12:23:47.555+0100 INFO               [main]                         be.pxl.services.PostServiceApplication - No active profile set, falling back to 1 default profile: "default"
2025-01-08T12:23:56.994+0100 INFO               [main]                         be.pxl.services.PostServiceApplication - Started PostServiceApplication in 11.332 seconds (process running for 13.432)
2025-01-08T12:25:40.729+0100 INFO               [http-nio-8082-exec-10]        be.pxl.services.controller.PostController - Post added by role: admin
2025-01-08T17:28:34.531+0100 INFO               [main]                         be.pxl.services.PostServiceApplication - Starting PostServiceApplication using Java 22.0.1 with PID 86732 (/Users/furkan/Desktop/jaar3/project-MehmetKarakocPXL/backend-java/post-service/target/classes started by furkan in /Users/furkan/Desktop/jaar3/project-MehmetKarakocPXL/backend-java)
2025-01-08T17:28:34.532+0100 DEBUG              [main]                         be.pxl.services.PostServiceApplication - Running with Spring Boot v3.3.5, Spring v6.1.14
2025-01-08T17:28:34.532+0100 INFO               [main]                         be.pxl.services.PostServiceApplication - No active profile set, falling back to 1 default profile: "default"
2025-01-08T17:28:40.439+0100 INFO               [main]                         be.pxl.services.PostServiceApplication - Started PostServiceApplication in 6.656 seconds (process running for 7.207)
2025-01-08T17:31:51.403+0100 INFO               [main]                         be.pxl.services.PostServiceApplication - Starting PostServiceApplication using Java 22.0.1 with PID 86872 (/Users/furkan/Desktop/jaar3/project-MehmetKarakocPXL/backend-java/post-service/target/classes started by furkan in /Users/furkan/Desktop/jaar3/project-MehmetKarakocPXL/backend-java)
2025-01-08T17:31:51.404+0100 DEBUG              [main]                         be.pxl.services.PostServiceApplication - Running with Spring Boot v3.3.5, Spring v6.1.14
2025-01-08T17:31:51.405+0100 INFO               [main]                         be.pxl.services.PostServiceApplication - No active profile set, falling back to 1 default profile: "default"
2025-01-08T17:31:55.615+0100 INFO               [main]                         be.pxl.services.PostServiceApplication - Started PostServiceApplication in 5.004 seconds (process running for 5.512)
2025-01-08T18:30:43.457+0100 INFO               [http-nio-8082-exec-5]         be.pxl.services.controller.PostController - Post added by role: admin
2025-01-08T18:42:34.310+0100 INFO               [main]                         be.pxl.services.PostServiceApplication - Starting PostServiceApplication using Java 22.0.1 with PID 90796 (/Users/furkan/Desktop/jaar3/project-MehmetKarakocPXL/backend-java/post-service/target/classes started by furkan in /Users/furkan/Desktop/jaar3/project-MehmetKarakocPXL/backend-java)
2025-01-08T18:42:34.311+0100 DEBUG              [main]                         be.pxl.services.PostServiceApplication - Running with Spring Boot v3.3.5, Spring v6.1.14
2025-01-08T18:42:34.312+0100 INFO               [main]                         be.pxl.services.PostServiceApplication - No active profile set, falling back to 1 default profile: "default"
2025-01-08T18:42:42.067+0100 INFO               [main]                         be.pxl.services.PostServiceApplication - Started PostServiceApplication in 9.285 seconds (process running for 10.69)
2025-01-08T18:48:33.855+0100 INFO               [main]                         be.pxl.services.PostServiceApplication - Starting PostServiceApplication using Java 22.0.1 with PID 91151 (/Users/furkan/Desktop/jaar3/project-MehmetKarakocPXL/backend-java/post-service/target/classes started by furkan in /Users/furkan/Desktop/jaar3/project-MehmetKarakocPXL/backend-java)
2025-01-08T18:48:33.856+0100 DEBUG              [main]                         be.pxl.services.PostServiceApplication - Running with Spring Boot v3.3.5, Spring v6.1.14
2025-01-08T18:48:33.857+0100 INFO               [main]                         be.pxl.services.PostServiceApplication - No active profile set, falling back to 1 default profile: "default"
2025-01-08T18:48:37.864+0100 INFO               [main]                         be.pxl.services.PostServiceApplication - Started PostServiceApplication in 4.686 seconds (process running for 5.148)
2025-01-08T18:49:12.718+0100 INFO               [http-nio-8082-exec-3]         be.pxl.services.controller.PostController - Post added by role: admin
2025-01-08T18:57:26.317+0100 INFO               [http-nio-8082-exec-1]         be.pxl.services.controller.PostController - Post added by role: admin
2025-01-08T19:00:44.405+0100 INFO               [main]                         be.pxl.services.PostServiceApplication - Starting PostServiceApplication using Java 22.0.1 with PID 91826 (/Users/furkan/Desktop/jaar3/project-MehmetKarakocPXL/backend-java/post-service/target/classes started by furkan in /Users/furkan/Desktop/jaar3/project-MehmetKarakocPXL/backend-java)
2025-01-08T19:00:44.408+0100 DEBUG              [main]                         be.pxl.services.PostServiceApplication - Running with Spring Boot v3.3.5, Spring v6.1.14
2025-01-08T19:00:44.409+0100 INFO               [main]                         be.pxl.services.PostServiceApplication - No active profile set, falling back to 1 default profile: "default"
2025-01-08T19:00:52.034+0100 INFO               [main]                         be.pxl.services.PostServiceApplication - Started PostServiceApplication in 10.507 seconds (process running for 12.202)
