2024-12-02T01:15:45.562+0100 INFO               [main]                         be.pxl.services.PostServiceApplication - Starting PostServiceApplication using Java 22.0.1 with PID 92475 (/Users/furkan/Desktop/jaar3/project-MehmetKarakocPXL/backend-java/post-service/target/classes started by furkan in /Users/furkan/Desktop/jaar3/project-MehmetKarakocPXL/backend-java)
2024-12-02T01:15:45.563+0100 DEBUG              [main]                         be.pxl.services.PostServiceApplication - Running with Spring Boot v3.3.5, Spring v6.1.14
2024-12-02T01:15:45.563+0100 INFO               [main]                         be.pxl.services.PostServiceApplication - No active profile set, falling back to 1 default profile: "default"
2024-12-02T01:15:47.648+0100 INFO               [main]                         be.pxl.services.PostServiceApplication - Started PostServiceApplication in 2.661 seconds (process running for 3.052)
2024-12-02T01:20:23.475+0100 INFO               [main]                         be.pxl.services.CommentServiceApplication - Starting CommentServiceApplication using Java 22.0.1 with PID 92642 (/Users/furkan/Desktop/jaar3/project-MehmetKarakocPXL/backend-java/comment-service/target/classes started by furkan in /Users/furkan/Desktop/jaar3/project-MehmetKarakocPXL/backend-java)
2024-12-02T01:20:23.476+0100 DEBUG              [main]                         be.pxl.services.CommentServiceApplication - Running with Spring Boot v3.3.5, Spring v6.1.14
2024-12-02T01:20:23.477+0100 INFO               [main]                         be.pxl.services.CommentServiceApplication - No active profile set, falling back to 1 default profile: "default"
2024-12-02T01:20:25.591+0100 INFO               [main]                         be.pxl.services.CommentServiceApplication - Started CommentServiceApplication in 2.699 seconds (process running for 3.094)
2024-12-02T14:10:04.251+0100 INFO               [main]                         be.pxl.services.CommentServiceApplication - Starting CommentServiceApplication using Java 22.0.1 with PID 93887 (/Users/furkan/Desktop/jaar3/project-MehmetKarakocPXL/backend-java/comment-service/target/classes started by furkan in /Users/furkan/Desktop/jaar3/project-MehmetKarakocPXL/backend-java)
2024-12-02T14:10:04.252+0100 DEBUG              [main]                         be.pxl.services.CommentServiceApplication - Running with Spring Boot v3.3.5, Spring v6.1.14
2024-12-02T14:10:04.252+0100 INFO               [main]                         be.pxl.services.CommentServiceApplication - No active profile set, falling back to 1 default profile: "default"
2024-12-02T14:10:06.398+0100 INFO               [main]                         be.pxl.services.CommentServiceApplication - Started CommentServiceApplication in 2.903 seconds (process running for 3.523)
2024-12-02T14:23:35.889+0100 INFO               [main]                         be.pxl.services.CommentServiceApplication - Starting CommentServiceApplication using Java 22.0.1 with PID 94236 (/Users/furkan/Desktop/jaar3/project-MehmetKarakocPXL/backend-java/comment-service/target/classes started by furkan in /Users/furkan/Desktop/jaar3/project-MehmetKarakocPXL/backend-java)
2024-12-02T14:23:35.891+0100 DEBUG              [main]                         be.pxl.services.CommentServiceApplication - Running with Spring Boot v3.3.5, Spring v6.1.14
2024-12-02T14:23:35.892+0100 INFO               [main]                         be.pxl.services.CommentServiceApplication - No active profile set, falling back to 1 default profile: "default"
2024-12-02T14:23:39.563+0100 INFO               [main]                         be.pxl.services.CommentServiceApplication - Started CommentServiceApplication in 4.887 seconds (process running for 5.7)
2024-12-02T14:25:03.275+0100 INFO               [main]                         be.pxl.services.PostServiceApplication - Starting PostServiceApplication using Java 22.0.1 with PID 94271 (/Users/furkan/Desktop/jaar3/project-MehmetKarakocPXL/backend-java/post-service/target/classes started by furkan in /Users/furkan/Desktop/jaar3/project-MehmetKarakocPXL/backend-java)
2024-12-02T14:25:03.276+0100 DEBUG              [main]                         be.pxl.services.PostServiceApplication - Running with Spring Boot v3.3.5, Spring v6.1.14
2024-12-02T14:25:03.277+0100 INFO               [main]                         be.pxl.services.PostServiceApplication - No active profile set, falling back to 1 default profile: "default"
2024-12-02T14:25:05.346+0100 INFO               [main]                         be.pxl.services.PostServiceApplication - Started PostServiceApplication in 3.322 seconds (process running for 4.093)
2024-12-02T14:26:45.258+0100 INFO               [main]                         be.pxl.services.PostServiceApplication - Starting PostServiceApplication using Java 22.0.1 with PID 94341 (/Users/furkan/Desktop/jaar3/project-MehmetKarakocPXL/backend-java/post-service/target/classes started by furkan in /Users/furkan/Desktop/jaar3/project-MehmetKarakocPXL/backend-java)
2024-12-02T14:26:45.259+0100 DEBUG              [main]                         be.pxl.services.PostServiceApplication - Running with Spring Boot v3.3.5, Spring v6.1.14
2024-12-02T14:26:45.259+0100 INFO               [main]                         be.pxl.services.PostServiceApplication - No active profile set, falling back to 1 default profile: "default"
2024-12-02T14:28:25.149+0100 INFO               [main]                         be.pxl.services.PostServiceApplication - Starting PostServiceApplication using Java 22.0.1 with PID 94390 (/Users/furkan/Desktop/jaar3/project-MehmetKarakocPXL/backend-java/post-service/target/classes started by furkan in /Users/furkan/Desktop/jaar3/project-MehmetKarakocPXL/backend-java)
2024-12-02T14:28:25.150+0100 DEBUG              [main]                         be.pxl.services.PostServiceApplication - Running with Spring Boot v3.3.5, Spring v6.1.14
2024-12-02T14:28:25.150+0100 INFO               [main]                         be.pxl.services.PostServiceApplication - No active profile set, falling back to 1 default profile: "default"
2024-12-02T14:28:27.375+0100 INFO               [main]                         be.pxl.services.PostServiceApplication - Started PostServiceApplication in 2.922 seconds (process running for 3.505)
