2024-12-25T15:57:13.174+0100 INFO               [main]                         be.pxl.services.ReviewServiceApplication - Starting ReviewServiceApplication using Java 22.0.1 with PID 1611 (/Users/furkan/Desktop/jaar3/project-MehmetKarakocPXL/backend-java/review-service/target/classes started by furkan in /Users/furkan/Desktop/jaar3/project-MehmetKarakocPXL/backend-java)
2024-12-25T15:57:13.177+0100 DEBUG              [main]                         be.pxl.services.ReviewServiceApplication - Running with Spring Boot v3.3.5, Spring v6.1.14
2024-12-25T15:57:13.178+0100 INFO               [main]                         be.pxl.services.ReviewServiceApplication - No active profile set, falling back to 1 default profile: "default"
2024-12-25T15:57:15.977+0100 INFO               [main]                         be.pxl.services.ReviewServiceApplication - Started ReviewServiceApplication in 3.385 seconds (process running for 3.84)
2024-12-25T15:58:06.044+0100 INFO               [http-nio-8083-exec-2]         be.pxl.services.controller.ReviewController - Review added for post ID: 2
2024-12-25T15:58:11.629+0100 INFO               [http-nio-8083-exec-3]         be.pxl.services.controller.ReviewController - Review added for post ID: 2
2024-12-25T16:00:07.037+0100 INFO               [http-nio-8083-exec-5]         be.pxl.services.controller.ReviewController - Review added for post ID: 52
2024-12-25T16:16:18.694+0100 INFO               [main]                         be.pxl.services.ReviewServiceApplication - Starting ReviewServiceApplication using Java 22.0.1 with PID 2249 (/Users/furkan/Desktop/jaar3/project-MehmetKarakocPXL/backend-java/review-service/target/classes started by furkan in /Users/furkan/Desktop/jaar3/project-MehmetKarakocPXL/backend-java)
2024-12-25T16:16:18.695+0100 DEBUG              [main]                         be.pxl.services.ReviewServiceApplication - Running with Spring Boot v3.3.5, Spring v6.1.14
2024-12-25T16:16:18.695+0100 INFO               [main]                         be.pxl.services.ReviewServiceApplication - No active profile set, falling back to 1 default profile: "default"
2024-12-25T16:16:21.401+0100 INFO               [main]                         be.pxl.services.ReviewServiceApplication - Started ReviewServiceApplication in 3.437 seconds (process running for 4.051)
2024-12-25T17:28:29.911+0100 INFO               [main]                         be.pxl.services.ReviewServiceApplication - Starting ReviewServiceApplication using Java 22.0.1 with PID 3989 (/Users/furkan/Desktop/jaar3/project-MehmetKarakocPXL/backend-java/review-service/target/classes started by furkan in /Users/furkan/Desktop/jaar3/project-MehmetKarakocPXL/backend-java)
2024-12-25T17:28:29.912+0100 DEBUG              [main]                         be.pxl.services.ReviewServiceApplication - Running with Spring Boot v3.3.5, Spring v6.1.14
2024-12-25T17:28:29.913+0100 INFO               [main]                         be.pxl.services.ReviewServiceApplication - No active profile set, falling back to 1 default profile: "default"
2024-12-25T17:28:34.550+0100 INFO               [main]                         be.pxl.services.ReviewServiceApplication - Started ReviewServiceApplication in 5.539 seconds (process running for 6.249)
2024-12-25T17:35:21.710+0100 INFO               [main]                         be.pxl.services.ReviewServiceApplication - Starting ReviewServiceApplication using Java 22.0.1 with PID 4358 (/Users/furkan/Desktop/jaar3/project-MehmetKarakocPXL/backend-java/review-service/target/classes started by furkan in /Users/furkan/Desktop/jaar3/project-MehmetKarakocPXL/backend-java)
2024-12-25T17:35:21.711+0100 DEBUG              [main]                         be.pxl.services.ReviewServiceApplication - Running with Spring Boot v3.3.5, Spring v6.1.14
2024-12-25T17:35:21.711+0100 INFO               [main]                         be.pxl.services.ReviewServiceApplication - No active profile set, falling back to 1 default profile: "default"
2024-12-25T17:35:24.395+0100 INFO               [main]                         be.pxl.services.ReviewServiceApplication - Started ReviewServiceApplication in 3.278 seconds (process running for 3.676)
2024-12-25T17:36:05.148+0100 INFO               [main]                         be.pxl.services.ReviewServiceApplication - Starting ReviewServiceApplication using Java 22.0.1 with PID 4386 (/Users/furkan/Desktop/jaar3/project-MehmetKarakocPXL/backend-java/review-service/target/classes started by furkan in /Users/furkan/Desktop/jaar3/project-MehmetKarakocPXL/backend-java)
2024-12-25T17:36:05.149+0100 DEBUG              [main]                         be.pxl.services.ReviewServiceApplication - Running with Spring Boot v3.3.5, Spring v6.1.14
2024-12-25T17:36:05.149+0100 INFO               [main]                         be.pxl.services.ReviewServiceApplication - No active profile set, falling back to 1 default profile: "default"
2024-12-25T17:36:07.850+0100 INFO               [main]                         be.pxl.services.ReviewServiceApplication - Started ReviewServiceApplication in 3.329 seconds (process running for 3.969)
2024-12-25T18:02:59.665+0100 INFO               [main]                         be.pxl.services.ReviewServiceApplication - Starting ReviewServiceApplication using Java 22.0.1 with PID 5490 (/Users/furkan/Desktop/jaar3/project-MehmetKarakocPXL/backend-java/review-service/target/classes started by furkan in /Users/furkan/Desktop/jaar3/project-MehmetKarakocPXL/backend-java)
2024-12-25T18:02:59.666+0100 DEBUG              [main]                         be.pxl.services.ReviewServiceApplication - Running with Spring Boot v3.3.5, Spring v6.1.14
2024-12-25T18:02:59.666+0100 INFO               [main]                         be.pxl.services.ReviewServiceApplication - No active profile set, falling back to 1 default profile: "default"
2024-12-25T18:03:02.728+0100 INFO               [main]                         be.pxl.services.ReviewServiceApplication - Started ReviewServiceApplication in 3.802 seconds (process running for 4.232)
2024-12-25T18:08:41.096+0100 INFO               [main]                         be.pxl.services.ReviewServiceApplication - Starting ReviewServiceApplication using Java 22.0.1 with PID 5729 (/Users/furkan/Desktop/jaar3/project-MehmetKarakocPXL/backend-java/review-service/target/classes started by furkan in /Users/furkan/Desktop/jaar3/project-MehmetKarakocPXL/backend-java)
2024-12-25T18:08:41.097+0100 DEBUG              [main]                         be.pxl.services.ReviewServiceApplication - Running with Spring Boot v3.3.5, Spring v6.1.14
2024-12-25T18:08:41.098+0100 INFO               [main]                         be.pxl.services.ReviewServiceApplication - No active profile set, falling back to 1 default profile: "default"
2024-12-25T18:08:44.131+0100 INFO               [main]                         be.pxl.services.ReviewServiceApplication - Started ReviewServiceApplication in 3.675 seconds (process running for 4.111)
2024-12-25T18:10:30.711+0100 INFO               [main]                         be.pxl.services.ReviewServiceApplication - Starting ReviewServiceApplication using Java 22.0.1 with PID 5809 (/Users/furkan/Desktop/jaar3/project-MehmetKarakocPXL/backend-java/review-service/target/classes started by furkan in /Users/furkan/Desktop/jaar3/project-MehmetKarakocPXL/backend-java)
2024-12-25T18:10:30.712+0100 DEBUG              [main]                         be.pxl.services.ReviewServiceApplication - Running with Spring Boot v3.3.5, Spring v6.1.14
2024-12-25T18:10:30.712+0100 INFO               [main]                         be.pxl.services.ReviewServiceApplication - No active profile set, falling back to 1 default profile: "default"
2024-12-25T18:10:33.658+0100 INFO               [main]                         be.pxl.services.ReviewServiceApplication - Started ReviewServiceApplication in 3.513 seconds (process running for 3.903)
2024-12-25T18:10:41.682+0100 INFO               [http-nio-8083-exec-1]         be.pxl.services.controller.ReviewController - Review added for post ID: 1
2024-12-25T18:12:20.825+0100 INFO               [http-nio-8083-exec-3]         be.pxl.services.controller.ReviewController - Review added for post ID: 2
2024-12-25T18:16:59.695+0100 INFO               [main]                         be.pxl.services.ReviewServiceApplication - Starting ReviewServiceApplication using Java 22.0.1 with PID 6073 (/Users/furkan/Desktop/jaar3/project-MehmetKarakocPXL/backend-java/review-service/target/classes started by furkan in /Users/furkan/Desktop/jaar3/project-MehmetKarakocPXL/backend-java)
2024-12-25T18:16:59.697+0100 DEBUG              [main]                         be.pxl.services.ReviewServiceApplication - Running with Spring Boot v3.3.5, Spring v6.1.14
2024-12-25T18:16:59.697+0100 INFO               [main]                         be.pxl.services.ReviewServiceApplication - No active profile set, falling back to 1 default profile: "default"
2024-12-25T18:17:02.800+0100 INFO               [main]                         be.pxl.services.ReviewServiceApplication - Started ReviewServiceApplication in 4.127 seconds (process running for 4.815)
2024-12-25T18:17:07.173+0100 INFO               [http-nio-8083-exec-1]         be.pxl.services.controller.ReviewController - Review added for post ID: 1
