2024-12-27T00:03:33.761+0100 INFO               [main]                         be.pxl.services.PostServiceApplication - Starting PostServiceApplication using Java 22.0.1 with PID 30967 (/Users/furkan/Desktop/jaar3/project-MehmetKarakocPXL/backend-java/post-service/target/classes started by furkan in /Users/furkan/Desktop/jaar3/project-MehmetKarakocPXL/backend-java)
2024-12-27T00:03:33.764+0100 DEBUG              [main]                         be.pxl.services.PostServiceApplication - Running with Spring Boot v3.3.5, Spring v6.1.14
2024-12-27T00:03:33.765+0100 INFO               [main]                         be.pxl.services.PostServiceApplication - No active profile set, falling back to 1 default profile: "default"
2024-12-27T00:03:37.334+0100 INFO               [main]                         be.pxl.services.PostServiceApplication - Started PostServiceApplication in 4.334 seconds (process running for 4.884)
2024-12-27T01:03:07.578+0100 INFO               [main]                         be.pxl.services.PostServiceApplication - Starting PostServiceApplication using Java 22.0.1 with PID 33210 (/Users/furkan/Desktop/jaar3/project-MehmetKarakocPXL/backend-java/post-service/target/classes started by furkan in /Users/furkan/Desktop/jaar3/project-MehmetKarakocPXL/backend-java)
2024-12-27T01:03:07.579+0100 DEBUG              [main]                         be.pxl.services.PostServiceApplication - Running with Spring Boot v3.3.5, Spring v6.1.14
2024-12-27T01:03:07.579+0100 INFO               [main]                         be.pxl.services.PostServiceApplication - No active profile set, falling back to 1 default profile: "default"
2024-12-27T01:03:11.155+0100 INFO               [main]                         be.pxl.services.PostServiceApplication - Started PostServiceApplication in 4.214 seconds (process running for 4.655)
2024-12-27T01:03:25.021+0100 INFO               [http-nio-8082-exec-9]         be.pxl.services.controller.PostController - Post added
2024-12-27T14:09:00.840+0100 INFO               [main]                         be.pxl.services.PostServiceApplication - Starting PostServiceApplication using Java 22.0.1 with PID 35323 (/Users/furkan/Desktop/jaar3/project-MehmetKarakocPXL/backend-java/post-service/target/classes started by furkan in /Users/furkan/Desktop/jaar3/project-MehmetKarakocPXL/backend-java)
2024-12-27T14:09:00.841+0100 DEBUG              [main]                         be.pxl.services.PostServiceApplication - Running with Spring Boot v3.3.5, Spring v6.1.14
2024-12-27T14:09:00.842+0100 INFO               [main]                         be.pxl.services.PostServiceApplication - No active profile set, falling back to 1 default profile: "default"
2024-12-27T14:09:04.701+0100 INFO               [main]                         be.pxl.services.PostServiceApplication - Started PostServiceApplication in 4.741 seconds (process running for 5.318)
2024-12-27T14:27:01.047+0100 INFO               [http-nio-8082-exec-10]        be.pxl.services.controller.PostController - Post added
2024-12-27T14:27:12.447+0100 INFO               [http-nio-8082-exec-8]         be.pxl.services.controller.PostController - Post added
2024-12-27T14:51:29.512+0100 INFO               [main]                         be.pxl.services.PostServiceApplication - Starting PostServiceApplication using Java 22.0.1 with PID 37202 (/Users/furkan/Desktop/jaar3/project-MehmetKarakocPXL/backend-java/post-service/target/classes started by furkan in /Users/furkan/Desktop/jaar3/project-MehmetKarakocPXL/backend-java)
2024-12-27T14:51:29.512+0100 DEBUG              [main]                         be.pxl.services.PostServiceApplication - Running with Spring Boot v3.3.5, Spring v6.1.14
2024-12-27T14:51:29.513+0100 INFO               [main]                         be.pxl.services.PostServiceApplication - No active profile set, falling back to 1 default profile: "default"
2024-12-27T14:51:33.641+0100 INFO               [main]                         be.pxl.services.PostServiceApplication - Started PostServiceApplication in 5.158 seconds (process running for 6.122)
2024-12-27T14:54:31.066+0100 INFO               [main]                         be.pxl.services.PostServiceApplication - Starting PostServiceApplication using Java 22.0.1 with PID 37423 (/Users/furkan/Desktop/jaar3/project-MehmetKarakocPXL/backend-java/post-service/target/classes started by furkan in /Users/furkan/Desktop/jaar3/project-MehmetKarakocPXL/backend-java)
2024-12-27T14:54:31.067+0100 DEBUG              [main]                         be.pxl.services.PostServiceApplication - Running with Spring Boot v3.3.5, Spring v6.1.14
2024-12-27T14:54:31.067+0100 INFO               [main]                         be.pxl.services.PostServiceApplication - No active profile set, falling back to 1 default profile: "default"
2024-12-27T14:54:35.273+0100 INFO               [main]                         be.pxl.services.PostServiceApplication - Started PostServiceApplication in 4.803 seconds (process running for 5.259)
2024-12-27T14:54:46.752+0100 INFO               [http-nio-8082-exec-3]         be.pxl.services.controller.PostController - Post added
2024-12-27T14:55:32.254+0100 INFO               [http-nio-8082-exec-7]         be.pxl.services.controller.PostController - Post added
2024-12-27T15:00:18.084+0100 INFO               [http-nio-8082-exec-3]         be.pxl.services.controller.PostController - Post added
2024-12-27T15:01:27.615+0100 INFO               [http-nio-8082-exec-10]        be.pxl.services.controller.PostController - Post added
2024-12-27T16:00:00.511+0100 INFO               [http-nio-8082-exec-4]         be.pxl.services.controller.PostController - Post added
2024-12-27T16:26:52.462+0100 INFO               [http-nio-8082-exec-10]        be.pxl.services.controller.PostController - Post added
2024-12-27T18:52:25.898+0100 INFO               [http-nio-8082-exec-10]        be.pxl.services.controller.PostController - Post added
