2024-12-27T00:54:48.089+0100 INFO               [http-nio-8083-exec-2]         be.pxl.services.controller.ReviewController - Review added for post ID: 52
2024-12-27T00:56:37.318+0100 INFO               [http-nio-8083-exec-4]         be.pxl.services.controller.ReviewController - Review added for post ID: 252
2024-12-27T01:01:58.233+0100 INFO               [http-nio-8083-exec-6]         be.pxl.services.controller.ReviewController - Review added for post ID: 202
2024-12-27T01:02:04.264+0100 INFO               [http-nio-8083-exec-8]         be.pxl.services.controller.ReviewController - Review added for post ID: 202
2024-12-27T01:03:28.727+0100 INFO               [http-nio-8083-exec-10]        be.pxl.services.controller.ReviewController - Review added for post ID: 302
2024-12-27T01:03:43.390+0100 INFO               [http-nio-8083-exec-2]         be.pxl.services.controller.ReviewController - Review added for post ID: 152
2024-12-27T01:06:06.958+0100 INFO               [http-nio-8083-exec-4]         be.pxl.services.controller.ReviewController - Review added for post ID: 152
2024-12-27T01:10:40.202+0100 INFO               [http-nio-8083-exec-6]         be.pxl.services.controller.ReviewController - Review added for post ID: 152
2024-12-27T14:01:02.811+0100 INFO               [http-nio-8083-exec-9]         be.pxl.services.controller.ReviewController - Review added for post ID: 152
2024-12-27T14:32:50.896+0100 INFO               [http-nio-8083-exec-2]         be.pxl.services.controller.ReviewController - Review added for post ID: 353
2024-12-27T14:51:37.775+0100 INFO               [main]                         be.pxl.services.ReviewServiceApplication - Starting ReviewServiceApplication using Java 22.0.1 with PID 37246 (/Users/furkan/Desktop/jaar3/project-MehmetKarakocPXL/backend-java/review-service/target/classes started by furkan in /Users/furkan/Desktop/jaar3/project-MehmetKarakocPXL/backend-java)
2024-12-27T14:51:37.776+0100 DEBUG              [main]                         be.pxl.services.ReviewServiceApplication - Running with Spring Boot v3.3.5, Spring v6.1.14
2024-12-27T14:51:37.777+0100 INFO               [main]                         be.pxl.services.ReviewServiceApplication - No active profile set, falling back to 1 default profile: "default"
2024-12-27T14:51:40.914+0100 INFO               [main]                         be.pxl.services.ReviewServiceApplication - Started ReviewServiceApplication in 3.704 seconds (process running for 4.189)
2024-12-27T14:52:14.949+0100 INFO               [http-nio-8083-exec-3]         be.pxl.services.controller.ReviewController - Review added for post ID: 352
2024-12-27T14:54:34.760+0100 INFO               [main]                         be.pxl.services.ReviewServiceApplication - Starting ReviewServiceApplication using Java 22.0.1 with PID 37429 (/Users/furkan/Desktop/jaar3/project-MehmetKarakocPXL/backend-java/review-service/target/classes started by furkan in /Users/furkan/Desktop/jaar3/project-MehmetKarakocPXL/backend-java)
2024-12-27T14:54:34.761+0100 DEBUG              [main]                         be.pxl.services.ReviewServiceApplication - Running with Spring Boot v3.3.5, Spring v6.1.14
2024-12-27T14:54:34.761+0100 INFO               [main]                         be.pxl.services.ReviewServiceApplication - No active profile set, falling back to 1 default profile: "default"
2024-12-27T14:54:37.927+0100 INFO               [main]                         be.pxl.services.ReviewServiceApplication - Started ReviewServiceApplication in 3.811 seconds (process running for 4.26)
2024-12-27T14:55:53.820+0100 INFO               [http-nio-8083-exec-5]         be.pxl.services.controller.ReviewController - Review added for post ID: 2
2024-12-27T14:58:48.223+0100 INFO               [http-nio-8083-exec-5]         be.pxl.services.controller.ReviewController - Review added for post ID: 2
2024-12-27T15:00:00.532+0100 INFO               [http-nio-8083-exec-2]         be.pxl.services.controller.ReviewController - Review added for post ID: 2
2024-12-27T15:00:07.353+0100 INFO               [http-nio-8083-exec-5]         be.pxl.services.controller.ReviewController - Review added for post ID: 2
2024-12-27T15:00:21.786+0100 INFO               [http-nio-8083-exec-8]         be.pxl.services.controller.ReviewController - Review added for post ID: 3
2024-12-27T15:00:22.048+0100 INFO               [http-nio-8083-exec-10]        be.pxl.services.controller.ReviewController - Review added for post ID: 3
2024-12-27T15:01:30.386+0100 INFO               [http-nio-8083-exec-5]         be.pxl.services.controller.ReviewController - Review added for post ID: 4
2024-12-27T15:01:30.759+0100 INFO               [http-nio-8083-exec-7]         be.pxl.services.controller.ReviewController - Review added for post ID: 4
2024-12-27T16:27:08.267+0100 INFO               [http-nio-8083-exec-7]         be.pxl.services.controller.ReviewController - Review added for post ID: 6
2024-12-27T16:27:24.370+0100 INFO               [http-nio-8083-exec-2]         be.pxl.services.controller.ReviewController - Review added for post ID: 6
2024-12-27T16:27:24.936+0100 INFO               [http-nio-8083-exec-4]         be.pxl.services.controller.ReviewController - Review added for post ID: 6
